#
# There is insufficient memory for the Java Runtime Environment to continue.
# Native memory allocation (malloc) failed to allocate 32744 bytes for ChunkPool::allocate
# Possible reasons:
#   The system is out of physical RAM or swap space
#   The process is running with CompressedOops enabled, and the Java Heap may be blocking the growth of the native heap
# Possible solutions:
#   Reduce memory load on the system
#   Increase physical memory or swap space
#   Check if swap backing store is full
#   Decrease Java heap size (-Xmx/-Xms)
#   Decrease number of Java threads
#   Decrease Java thread stack sizes (-Xss)
#   Set larger code cache with -XX:ReservedCodeCacheSize=
#   JVM is running with Unscaled Compressed Oops mode in which the Java heap is
#     placed in the first 4GB address space. The Java Heap base address is the
#     maximum limit for the native heap growth. Please use -XX:HeapBaseMinAddress
#     to set the Java Heap base and to place the Java Heap above 4GB virtual address.
# This output file may be truncated or incomplete.
#
#  Out of Memory Error (allocation.cpp:272), pid=1524, tid=0x00000000000006d4
#
# JRE version: OpenJDK Runtime Environment (8.0_202-b03) (build 1.8.0_202-release-1483-b03)
# Java VM: OpenJDK 64-Bit Server VM (25.202-b03 mixed mode windows-amd64 compressed oops)
# Failed to write core dump. Minidumps are not enabled by default on client versions of Windows
#

---------------  T H R E A D  ---------------

Current thread (0x00000000161ce000):  JavaThread "C2 CompilerThread1" daemon [_thread_in_native, id=1748, stack(0x0000000017920000,0x0000000017a20000)]

Stack: [0x0000000017920000,0x0000000017a20000]
[error occurred during error reporting (printing stack bounds), id 0xc0000005]

Native frames: (J=compiled Java code, j=interpreted, Vv=VM code, C=native code)


Current CompileTask:
C2:10559952 18703       4       org.antlr.v4.runtime.atn.ParserATNSimulator::closureCheckingStopState (244 bytes)


---------------  P R O C E S S  ---------------

Java Threads: ( => current thread )
  0x000000001d06a800 JavaThread "Cache worker for Java compile cache (C:\Users\HP_PC\AndroidStudioProjects\pn\PNU_APP\.gradle\5.4.1\javaCompile)" [_thread_blocked, id=7812, stack(0x0000000026040000,0x0000000026140000)]
  0x000000001b9a6800 JavaThread "Cache worker for execution history cache (C:\Users\HP_PC\AndroidStudioProjects\pn\PNU_APP\.gradle\5.4.1\executionHistory)" [_thread_blocked, id=32, stack(0x0000000024550000,0x0000000024650000)]
  0x000000001b9a5800 JavaThread "Execution worker for ':' Thread 3" [_thread_blocked, id=1732, stack(0x0000000023950000,0x0000000023a50000)]
  0x000000001b9a2000 JavaThread "Execution worker for ':' Thread 2" [_thread_blocked, id=6476, stack(0x0000000023550000,0x0000000023650000)]
  0x000000001b9a3800 JavaThread "Execution worker for ':'" [_thread_blocked, id=912, stack(0x0000000023450000,0x0000000023550000)]
  0x000000001b9a5000 JavaThread "Cache worker for file content cache (C:\Users\HP_PC\AndroidStudioProjects\pn\PNU_APP\.gradle\5.4.1\fileContent)" [_thread_blocked, id=7012, stack(0x0000000023120000,0x0000000023220000)]
  0x000000001b99f800 JavaThread "Cache worker for Build Output Cleanup Cache (C:\Users\HP_PC\AndroidStudioProjects\pn\PNU_APP\.gradle\buildOutputCleanup)" [_thread_blocked, id=8120, stack(0x0000000022e20000,0x0000000022f20000)]
  0x000000001b9a4000 JavaThread "pool-4-thread-1" [_thread_blocked, id=7748, stack(0x0000000022520000,0x0000000022620000)]
  0x000000001b999800 JavaThread "Build operations Thread 4" [_thread_blocked, id=2272, stack(0x0000000022420000,0x0000000022520000)]
  0x000000001b99c000 JavaThread "Build operations Thread 3" [_thread_blocked, id=6332, stack(0x0000000021f20000,0x0000000022020000)]
  0x000000001ba6d800 JavaThread "Build operations Thread 2" [_thread_blocked, id=8180, stack(0x0000000021c20000,0x0000000021d20000)]
  0x000000001ba72000 JavaThread "Build operations" [_thread_blocked, id=2288, stack(0x0000000021720000,0x0000000021820000)]
  0x000000001ba71000 JavaThread "Cache worker for cache directory md-rule (C:\Users\HP_PC\.gradle\caches\5.4.1\md-rule)" [_thread_blocked, id=8024, stack(0x0000000021620000,0x0000000021720000)]
  0x000000001ba70800 JavaThread "Cache worker for cache directory md-supplier (C:\Users\HP_PC\.gradle\caches\5.4.1\md-supplier)" [_thread_blocked, id=5824, stack(0x0000000021520000,0x0000000021620000)]
  0x000000001ba6f800 JavaThread "Cache worker for file hash cache (C:\Users\HP_PC\AndroidStudioProjects\pn\PNU_APP\.gradle\5.4.1\fileHashes)" [_thread_blocked, id=7756, stack(0x0000000021420000,0x0000000021520000)]
  0x000000001ba65000 JavaThread "Thread-61" [_thread_blocked, id=7644, stack(0x000000001e1e0000,0x000000001e2e0000)]
  0x000000001ba6b000 JavaThread "Stdin handler" [_thread_blocked, id=8092, stack(0x000000001aa70000,0x000000001ab70000)]
  0x000000001ba63800 JavaThread "Asynchronous log dispatcher for DefaultDaemonConnection: socket connection from /127.0.0.1:50344 to /127.0.0.1:50892" [_thread_blocked, id=6424, stack(0x000000001a770000,0x000000001a870000)]
  0x000000001ba69000 JavaThread "Daemon worker Thread 3" [_thread_in_Java, id=5864, stack(0x000000001a670000,0x000000001a770000)]
  0x000000001ba66000 JavaThread "Cancel handler" [_thread_blocked, id=1332, stack(0x000000001a370000,0x000000001a470000)]
  0x000000001ba66800 JavaThread "Handler for socket connection from /127.0.0.1:50344 to /127.0.0.1:50892" [_thread_in_native, id=5744, stack(0x000000001a270000,0x000000001a370000)]
  0x000000001ba68000 JavaThread "Daemon Thread 3" [_thread_blocked, id=2076, stack(0x0000000000b70000,0x0000000000c70000)]
  0x000000001b99c800 JavaThread "Cache worker for Java compile cache (C:\Users\HP_PC\.gradle\caches\5.4.1\javaCompile)" [_thread_blocked, id=6124, stack(0x0000000023850000,0x0000000023950000)]
  0x000000001ba6f000 JavaThread "Cache worker for file content cache (C:\Users\HP_PC\.gradle\caches\5.4.1\fileContent)" [_thread_blocked, id=2692, stack(0x0000000022d20000,0x0000000022e20000)]
  0x000000001ba67800 JavaThread "Memory manager" [_thread_blocked, id=8152, stack(0x0000000022c20000,0x0000000022d20000)]
  0x000000001ba6c000 JavaThread "Cache worker for execution history cache (C:\Users\HP_PC\.gradle\caches\5.4.1\executionHistory)" [_thread_blocked, id=4076, stack(0x0000000021120000,0x0000000021220000)]
  0x0000000018803000 JavaThread "Cache worker for journal cache (C:\Users\HP_PC\.gradle\caches\journal-1)" [_thread_blocked, id=3172, stack(0x000000001ad70000,0x000000001ae70000)]
  0x0000000018801800 JavaThread "File lock request listener" [_thread_in_native, id=8144, stack(0x000000001ac70000,0x000000001ad70000)]
  0x00000000191e0000 JavaThread "Cache worker for file hash cache (C:\Users\HP_PC\.gradle\caches\5.4.1\fileHashes)" [_thread_blocked, id=6268, stack(0x000000001ab70000,0x000000001ac70000)]
  0x0000000018548800 JavaThread "Daemon periodic checks" [_thread_blocked, id=7104, stack(0x000000001a170000,0x000000001a270000)]
  0x0000000017dbb000 JavaThread "Incoming local TCP Connector on port 50344" [_thread_in_native, id=3856, stack(0x0000000019f30000,0x000000001a030000)]
  0x0000000018418000 JavaThread "Daemon health stats" [_thread_blocked, id=364, stack(0x00000000198f0000,0x00000000199f0000)]
  0x0000000017b38800 JavaThread "Service Thread" daemon [_thread_blocked, id=7680, stack(0x0000000017f20000,0x0000000018020000)]
  0x00000000161d4800 JavaThread "C1 CompilerThread2" daemon [_thread_in_native, id=2760, stack(0x0000000017a20000,0x0000000017b20000)]
=>0x00000000161ce000 JavaThread "C2 CompilerThread1" daemon [_thread_in_native, id=1748, stack(0x0000000017920000,0x0000000017a20000)]
  0x00000000161c7000 JavaThread "C2 CompilerThread0" daemon [_thread_in_native, id=7416, stack(0x0000000017820000,0x0000000017920000)]
  0x00000000161c4800 JavaThread "Attach Listener" daemon [_thread_blocked, id=8080, stack(0x0000000017720000,0x0000000017820000)]
  0x00000000161c3000 JavaThread "Signal Dispatcher" daemon [_thread_blocked, id=740, stack(0x0000000017620000,0x0000000017720000)]
  0x000000000284a800 JavaThread "Finalizer" daemon [_thread_blocked, id=7332, stack(0x0000000017420000,0x0000000017520000)]
  0x00000000161a9000 JavaThread "Reference Handler" daemon [_thread_blocked, id=2248, stack(0x0000000017320000,0x0000000017420000)]
  0x000000000268d800 JavaThread "main" [_thread_blocked, id=7204, stack(0x0000000002550000,0x0000000002650000)]

Other Threads:
  0x0000000016185800 VMThread [stack: 0x0000000017220000,0x0000000017320000] [id=1336]
  0x00000000161f8800 WatcherThread [stack: 0x0000000018020000,0x0000000018120000] [id=5532]

VM state:not at safepoint (normal execution)

VM Mutex/Monitor currently owned by a thread: None

heap address: 0x00000000a0000000, size: 1536 MB, Compressed Oops mode: 32-bit
Narrow klass base: 0x0000000000000000, Narrow klass shift: 3
Compressed class space size: 1073741824 Address: 0x0000000100000000

Heap:
 PSYoungGen      total 262656K, used 135896K [0x00000000e0000000, 0x00000000f5200000, 0x0000000100000000)
  eden space 188416K, 55% used [0x00000000e0000000,0x00000000e669b6f0,0x00000000eb800000)
  from space 74240K, 41% used [0x00000000eb800000,0x00000000ed61abe8,0x00000000f0080000)
  to   space 71680K, 0% used [0x00000000f0c00000,0x00000000f0c00000,0x00000000f5200000)
 ParOldGen       total 179200K, used 137090K [0x00000000a0000000, 0x00000000aaf00000, 0x00000000e0000000)
  object space 179200K, 76% used [0x00000000a0000000,0x00000000a85e08b8,0x00000000aaf00000)
 Metaspace       used 101458K, capacity 104914K, committed 105128K, reserved 1140736K
  class space    used 12929K, capacity 13671K, committed 13736K, reserved 1048576K

Card table byte_map: [0x0000000011c10000,0x0000000011f20000] byte_map_base: 0x0000000011710000

Marking Bits: (ParMarkBitMap*) 0x0000000060e09f30
 Begin Bits: [0x0000000012520000, 0x0000000013d20000)
 End Bits:   [0x0000000013d20000, 0x0000000015520000)

Polling page: 0x0000000000ce0000

CodeCache: size=245760Kb used=49058Kb max_used=49058Kb free=196701Kb
 bounds [0x0000000002850000, 0x0000000005880000, 0x0000000011850000]
 total_blobs=15775 nmethods=14924 adapters=762
 compilation: enabled

Compilation events (10 events):
Event: 10559.895 Thread 0x00000000161d4800 nmethod 18897 0x0000000005879ed0 code [0x000000000587a040, 0x000000000587a1c8]
Event: 10559.895 Thread 0x00000000161d4800 18898       2       org.antlr.v4.runtime.ParserRuleContext::<init> (7 bytes)
Event: 10559.895 Thread 0x00000000161d4800 nmethod 18898 0x000000000587a250 code [0x000000000587a3a0, 0x000000000587a510]
Event: 10559.896 Thread 0x00000000161d4800 18900       2       org.antlr.v4.runtime.atn.PredictionContext::fromRuleContext (79 bytes)
Event: 10559.897 Thread 0x00000000161d4800 nmethod 18900 0x000000000587a590 code [0x000000000587a740, 0x000000000587aab8]
Event: 10559.897 Thread 0x00000000161d4800 18901       2       org.antlr.v4.runtime.CommonTokenStream::LB (65 bytes)
Event: 10559.898 Thread 0x00000000161d4800 nmethod 18901 0x000000000587ad50 code [0x000000000587aee0, 0x000000000587b1b8]
Event: 10559.900 Thread 0x00000000161d4800 18902       2       org.antlr.v4.runtime.atn.LexerATNConfig::equals (59 bytes)
Event: 10559.901 Thread 0x00000000161d4800 nmethod 18902 0x000000000587b2d0 code [0x000000000587b440, 0x000000000587b718]
Event: 10559.907 Thread 0x00000000161d4800 18903       3       org.antlr.v4.runtime.atn.ParserATNSimulator::computeReachSet (455 bytes)

GC Heap History (10 events):
Event: 1918.456 GC heap before
{Heap before GC invocations=38 (full 5):
 PSYoungGen      total 239104K, used 168309K [0x00000000e0000000, 0x00000000f3a00000, 0x0000000100000000)
  eden space 157696K, 100% used [0x00000000e0000000,0x00000000e9a00000,0x00000000e9a00000)
  from space 81408K, 13% used [0x00000000eea80000,0x00000000ef4dd5c8,0x00000000f3a00000)
  to   space 81920K, 0% used [0x00000000e9a00000,0x00000000e9a00000,0x00000000eea00000)
 ParOldGen       total 179200K, used 133068K [0x00000000a0000000, 0x00000000aaf00000, 0x00000000e0000000)
  object space 179200K, 74% used [0x00000000a0000000,0x00000000a81f3040,0x00000000aaf00000)
 Metaspace       used 89502K, capacity 92800K, committed 93096K, reserved 1130496K
  class space    used 11670K, capacity 12362K, committed 12456K, reserved 1048576K
Event: 1918.468 GC heap after
Heap after GC invocations=38 (full 5):
 PSYoungGen      total 239616K, used 7336K [0x00000000e0000000, 0x00000000f4900000, 0x0000000100000000)
  eden space 157696K, 0% used [0x00000000e0000000,0x00000000e0000000,0x00000000e9a00000)
  from space 81920K, 8% used [0x00000000e9a00000,0x00000000ea12a3f0,0x00000000eea00000)
  to   space 79872K, 0% used [0x00000000efb00000,0x00000000efb00000,0x00000000f4900000)
 ParOldGen       total 179200K, used 134290K [0x00000000a0000000, 0x00000000aaf00000, 0x00000000e0000000)
  object space 179200K, 74% used [0x00000000a0000000,0x00000000a8324818,0x00000000aaf00000)
 Metaspace       used 89502K, capacity 92800K, committed 93096K, reserved 1130496K
  class space    used 11670K, capacity 12362K, committed 12456K, reserved 1048576K
}
Event: 10361.414 GC heap before
{Heap before GC invocations=39 (full 5):
 PSYoungGen      total 239616K, used 165032K [0x00000000e0000000, 0x00000000f4900000, 0x0000000100000000)
  eden space 157696K, 100% used [0x00000000e0000000,0x00000000e9a00000,0x00000000e9a00000)
  from space 81920K, 8% used [0x00000000e9a00000,0x00000000ea12a3f0,0x00000000eea00000)
  to   space 79872K, 0% used [0x00000000efb00000,0x00000000efb00000,0x00000000f4900000)
 ParOldGen       total 179200K, used 134290K [0x00000000a0000000, 0x00000000aaf00000, 0x00000000e0000000)
  object space 179200K, 74% used [0x00000000a0000000,0x00000000a8324818,0x00000000aaf00000)
 Metaspace       used 89945K, capacity 93302K, committed 93608K, reserved 1130496K
  class space    used 11676K, capacity 12371K, committed 12456K, reserved 1048576K
Event: 10361.433 GC heap after
Heap after GC invocations=39 (full 5):
 PSYoungGen      total 247808K, used 7376K [0x00000000e0000000, 0x00000000f4280000, 0x0000000100000000)
  eden space 174592K, 0% used [0x00000000e0000000,0x00000000e0000000,0x00000000eaa80000)
  from space 73216K, 10% used [0x00000000efb00000,0x00000000f0234010,0x00000000f4280000)
  to   space 77824K, 0% used [0x00000000eaa80000,0x00000000eaa80000,0x00000000ef680000)
 ParOldGen       total 179200K, used 137066K [0x00000000a0000000, 0x00000000aaf00000, 0x00000000e0000000)
  object space 179200K, 76% used [0x00000000a0000000,0x00000000a85da8b8,0x00000000aaf00000)
 Metaspace       used 89945K, capacity 93302K, committed 93608K, reserved 1130496K
  class space    used 11676K, capacity 12371K, committed 12456K, reserved 1048576K
}
Event: 10370.334 GC heap before
{Heap before GC invocations=40 (full 5):
 PSYoungGen      total 247808K, used 181968K [0x00000000e0000000, 0x00000000f4280000, 0x0000000100000000)
  eden space 174592K, 100% used [0x00000000e0000000,0x00000000eaa80000,0x00000000eaa80000)
  from space 73216K, 10% used [0x00000000efb00000,0x00000000f0234010,0x00000000f4280000)
  to   space 77824K, 0% used [0x00000000eaa80000,0x00000000eaa80000,0x00000000ef680000)
 ParOldGen       total 179200K, used 137066K [0x00000000a0000000, 0x00000000aaf00000, 0x00000000e0000000)
  object space 179200K, 76% used [0x00000000a0000000,0x00000000a85da8b8,0x00000000aaf00000)
 Metaspace       used 90131K, capacity 93544K, committed 93864K, reserved 1130496K
  class space    used 11699K, capacity 12412K, committed 12456K, reserved 1048576K
Event: 10370.387 GC heap after
Heap after GC invocations=40 (full 5):
 PSYoungGen      total 252416K, used 38544K [0x00000000e0000000, 0x00000000f5280000, 0x0000000100000000)
  eden space 174592K, 0% used [0x00000000e0000000,0x00000000e0000000,0x00000000eaa80000)
  from space 77824K, 49% used [0x00000000eaa80000,0x00000000ed0241a0,0x00000000ef680000)
  to   space 77824K, 0% used [0x00000000f0680000,0x00000000f0680000,0x00000000f5280000)
 ParOldGen       total 179200K, used 137074K [0x00000000a0000000, 0x00000000aaf00000, 0x00000000e0000000)
  object space 179200K, 76% used [0x00000000a0000000,0x00000000a85dc8b8,0x00000000aaf00000)
 Metaspace       used 90131K, capacity 93544K, committed 93864K, reserved 1130496K
  class space    used 11699K, capacity 12412K, committed 12456K, reserved 1048576K
}
Event: 10555.930 GC heap before
{Heap before GC invocations=41 (full 5):
 PSYoungGen      total 252416K, used 213136K [0x00000000e0000000, 0x00000000f5280000, 0x0000000100000000)
  eden space 174592K, 100% used [0x00000000e0000000,0x00000000eaa80000,0x00000000eaa80000)
  from space 77824K, 49% used [0x00000000eaa80000,0x00000000ed0241a0,0x00000000ef680000)
  to   space 77824K, 0% used [0x00000000f0680000,0x00000000f0680000,0x00000000f5280000)
 ParOldGen       total 179200K, used 137074K [0x00000000a0000000, 0x00000000aaf00000, 0x00000000e0000000)
  object space 179200K, 76% used [0x00000000a0000000,0x00000000a85dc8b8,0x00000000aaf00000)
 Metaspace       used 96240K, capacity 99642K, committed 99880K, reserved 1136640K
  class space    used 12354K, capacity 13085K, committed 13096K, reserved 1048576K
Event: 10555.961 GC heap after
Heap after GC invocations=41 (full 5):
 PSYoungGen      total 256512K, used 14490K [0x00000000e0000000, 0x00000000f4900000, 0x0000000100000000)
  eden space 188416K, 0% used [0x00000000e0000000,0x00000000e0000000,0x00000000eb800000)
  from space 68096K, 21% used [0x00000000f0680000,0x00000000f14a6a60,0x00000000f4900000)
  to   space 74240K, 0% used [0x00000000eb800000,0x00000000eb800000,0x00000000f0080000)
 ParOldGen       total 179200K, used 137082K [0x00000000a0000000, 0x00000000aaf00000, 0x00000000e0000000)
  object space 179200K, 76% used [0x00000000a0000000,0x00000000a85de8b8,0x00000000aaf00000)
 Metaspace       used 96240K, capacity 99642K, committed 99880K, reserved 1136640K
  class space    used 12354K, capacity 13085K, committed 13096K, reserved 1048576K
}
Event: 10558.563 GC heap before
{Heap before GC invocations=42 (full 5):
 PSYoungGen      total 256512K, used 202906K [0x00000000e0000000, 0x00000000f4900000, 0x0000000100000000)
  eden space 188416K, 100% used [0x00000000e0000000,0x00000000eb800000,0x00000000eb800000)
  from space 68096K, 21% used [0x00000000f0680000,0x00000000f14a6a60,0x00000000f4900000)
  to   space 74240K, 0% used [0x00000000eb800000,0x00000000eb800000,0x00000000f0080000)
 ParOldGen       total 179200K, used 137082K [0x00000000a0000000, 0x00000000aaf00000, 0x00000000e0000000)
  object space 179200K, 76% used [0x00000000a0000000,0x00000000a85de8b8,0x00000000aaf00000)
 Metaspace       used 96533K, capacity 100018K, committed 100264K, reserved 1136640K
  class space    used 12379K, capacity 13127K, committed 13224K, reserved 1048576K
Event: 10558.592 GC heap after
Heap after GC invocations=42 (full 5):
 PSYoungGen      total 262656K, used 30826K [0x00000000e0000000, 0x00000000f5200000, 0x0000000100000000)
  eden space 188416K, 0% used [0x00000000e0000000,0x00000000e0000000,0x00000000eb800000)
  from space 74240K, 41% used [0x00000000eb800000,0x00000000ed61abe8,0x00000000f0080000)
  to   space 71680K, 0% used [0x00000000f0c00000,0x00000000f0c00000,0x00000000f5200000)
 ParOldGen       total 179200K, used 137090K [0x00000000a0000000, 0x00000000aaf00000, 0x00000000e0000000)
  object space 179200K, 76% used [0x00000000a0000000,0x00000000a85e08b8,0x00000000aaf00000)
 Metaspace       used 96533K, capacity 100018K, committed 100264K, reserved 1136640K
  class space    used 12379K, capacity 13127K, committed 13224K, reserved 1048576K
}

Deoptimization events (10 events):
Event: 10558.539 Thread 0x000000001ba69000 Uncommon trap: reason=array_check action=maybe_recompile pc=0x0000000005006c84 method=java.util.ComparableTimSort.binarySort([Ljava/lang/Object;III)V @ 215
Event: 10558.540 Thread 0x000000001ba69000 Uncommon trap: reason=array_check action=maybe_recompile pc=0x0000000005006c84 method=java.util.ComparableTimSort.binarySort([Ljava/lang/Object;III)V @ 215
Event: 10558.541 Thread 0x000000001ba69000 Uncommon trap: reason=array_check action=maybe_recompile pc=0x0000000005433840 method=java.util.ComparableTimSort.binarySort([Ljava/lang/Object;III)V @ 215
Event: 10558.548 Thread 0x000000001ba69000 Uncommon trap: reason=array_check action=maybe_recompile pc=0x0000000005764f0c method=java.util.ComparableTimSort.binarySort([Ljava/lang/Object;III)V @ 193
Event: 10558.548 Thread 0x000000001ba69000 Uncommon trap: reason=array_check action=maybe_recompile pc=0x0000000005764f0c method=java.util.ComparableTimSort.binarySort([Ljava/lang/Object;III)V @ 193
Event: 10558.560 Thread 0x000000001ba69000 Uncommon trap: reason=array_check action=maybe_recompile pc=0x0000000005772060 method=java.util.ComparableTimSort.reverseRange([Ljava/lang/Object;II)V @ 20
Event: 10558.560 Thread 0x000000001ba69000 Uncommon trap: reason=array_check action=maybe_recompile pc=0x0000000005772060 method=java.util.ComparableTimSort.reverseRange([Ljava/lang/Object;II)V @ 20
Event: 10558.595 Thread 0x000000001ba69000 Uncommon trap: reason=array_check action=maybe_recompile pc=0x0000000005772060 method=java.util.ComparableTimSort.reverseRange([Ljava/lang/Object;II)V @ 20
Event: 10558.596 Thread 0x000000001ba69000 Uncommon trap: reason=array_check action=maybe_recompile pc=0x0000000005772060 method=java.util.ComparableTimSort.reverseRange([Ljava/lang/Object;II)V @ 20
Event: 10559.233 Thread 0x000000001ba69000 Uncommon trap: reason=unstable_if action=reinterpret pc=0x00000000057cf2ec method=org.sqlite.SQLiteJDBCLoader.contentsEquals(Ljava/io/InputStream;Ljava/io/InputStream;)Z @ 39

Classes redefined (0 events):
No events

Internal exceptions (10 events):
Event: 10555.964 Thread 0x000000000284a800 Exception <a 'java/lang/NoClassDefFoundError': org/sqlite/SQLiteErrorCode> (0x00000000e0075d60) thrown at [D:\src\AOSP-openjdk-cygwin\jdk8u\hotspot\src\share\vm\oops\constantPool.cpp, line 245]
Event: 10555.964 Thread 0x000000000284a800 Exception <a 'java/lang/NoClassDefFoundError': org/sqlite/SQLiteErrorCode> (0x00000000e0075fc8) thrown at [D:\src\AOSP-openjdk-cygwin\jdk8u\hotspot\src\share\vm\oops\constantPool.cpp, line 245]
Event: 10555.964 Thread 0x000000000284a800 Exception <a 'java/lang/NoClassDefFoundError': org/sqlite/SQLiteErrorCode> (0x00000000e0076230) thrown at [D:\src\AOSP-openjdk-cygwin\jdk8u\hotspot\src\share\vm\oops\constantPool.cpp, line 245]
Event: 10555.964 Thread 0x000000000284a800 Exception <a 'java/lang/NoClassDefFoundError': org/sqlite/SQLiteErrorCode> (0x00000000e0076498) thrown at [D:\src\AOSP-openjdk-cygwin\jdk8u\hotspot\src\share\vm\oops\constantPool.cpp, line 245]
Event: 10555.964 Thread 0x000000000284a800 Exception <a 'java/lang/NoClassDefFoundError': org/sqlite/SQLiteErrorCode> (0x00000000e0076700) thrown at [D:\src\AOSP-openjdk-cygwin\jdk8u\hotspot\src\share\vm\oops\constantPool.cpp, line 245]
Event: 10555.964 Thread 0x000000000284a800 Exception <a 'java/lang/NoClassDefFoundError': org/sqlite/SQLiteErrorCode> (0x00000000e0076968) thrown at [D:\src\AOSP-openjdk-cygwin\jdk8u\hotspot\src\share\vm\oops\constantPool.cpp, line 245]
Event: 10555.964 Thread 0x000000000284a800 Exception <a 'java/lang/NoClassDefFoundError': org/sqlite/SQLiteErrorCode> (0x00000000e0076bd0) thrown at [D:\src\AOSP-openjdk-cygwin\jdk8u\hotspot\src\share\vm\oops\constantPool.cpp, line 245]
Event: 10555.964 Thread 0x000000000284a800 Exception <a 'java/lang/NoClassDefFoundError': org/sqlite/SQLiteErrorCode> (0x00000000e0076e38) thrown at [D:\src\AOSP-openjdk-cygwin\jdk8u\hotspot\src\share\vm\oops\constantPool.cpp, line 245]
Event: 10555.964 Thread 0x000000000284a800 Exception <a 'java/lang/NoClassDefFoundError': org/sqlite/SQLiteErrorCode> (0x00000000e00770a0) thrown at [D:\src\AOSP-openjdk-cygwin\jdk8u\hotspot\src\share\vm\oops\constantPool.cpp, line 245]
Event: 10555.964 Thread 0x000000000284a800 Exception <a 'java/lang/NoClassDefFoundError': org/sqlite/SQLiteErrorCode> (0x00000000e0077308) thrown at [D:\src\AOSP-openjdk-cygwin\jdk8u\hotspot\src\share\vm\oops\constantPool.cpp, line 245]

Events (10 events):
Event: 10559.615 loading class androidx/room/vo/Warning
Event: 10559.615 loading class androidx/room/vo/Warning done
Event: 10559.616 loading class androidx/room/vo/Warning$Companion
Event: 10559.616 loading class androidx/room/vo/Warning$Companion done
Event: 10559.721 Thread 0x000000001ba69000 DEOPT PACKING pc=0x000000000584e049 sp=0x000000001a7671a0
Event: 10559.721 Thread 0x000000001ba69000 DEOPT UNPACKING pc=0x00000000028975d0 sp=0x000000001a766f60 mode 0
Event: 10559.750 Thread 0x000000001ba69000 DEOPT PACKING pc=0x0000000005855cfb sp=0x000000001a7672b0
Event: 10559.750 Thread 0x000000001ba69000 DEOPT UNPACKING pc=0x00000000028975d0 sp=0x000000001a767030 mode 0
Event: 10559.913 Thread 0x000000001ba69000 DEOPT PACKING pc=0x0000000005849c47 sp=0x000000001a766ea0
Event: 10559.913 Thread 0x000000001ba69000 DEOPT UNPACKING pc=0x00000000028975d0 sp=0x000000001a766ca0 mode 0


Dynamic libraries:
0x00007ff7df0b0000 - 0x00007ff7df0e1000 	C:\Program Files\Android\Android Studio\jre\bin\java.exe
0x00007ff9c4240000 - 0x00007ff9c4430000 	C:\Windows\SYSTEM32\ntdll.dll
0x00007ff9c4040000 - 0x00007ff9c40f2000 	C:\Windows\System32\KERNEL32.DLL
0x00007ff9c1c10000 - 0x00007ff9c1eb3000 	C:\Windows\System32\KERNELBASE.dll
0x00007ff9c2700000 - 0x00007ff9c27a3000 	C:\Windows\System32\ADVAPI32.dll
0x00007ff9c3a00000 - 0x00007ff9c3a9e000 	C:\Windows\System32\msvcrt.dll
0x00007ff9c3dd0000 - 0x00007ff9c3e67000 	C:\Windows\System32\sechost.dll
0x00007ff9c2f90000 - 0x00007ff9c30b0000 	C:\Windows\System32\RPCRT4.dll
0x00007ff9c3ea0000 - 0x00007ff9c4034000 	C:\Windows\System32\USER32.dll
0x00007ff9c1210000 - 0x00007ff9c1231000 	C:\Windows\System32\win32u.dll
0x00007ff9c31e0000 - 0x00007ff9c3206000 	C:\Windows\System32\GDI32.dll
0x00007ff9c2040000 - 0x00007ff9c21d4000 	C:\Windows\System32\gdi32full.dll
0x00007ff9c1ec0000 - 0x00007ff9c1f5e000 	C:\Windows\System32\msvcp_win.dll
0x00007ff9c1320000 - 0x00007ff9c141a000 	C:\Windows\System32\ucrtbase.dll
0x00007ff9b47b0000 - 0x00007ff9b4a35000 	C:\Windows\WinSxS\amd64_microsoft.windows.common-controls_6595b64144ccf1df_6.0.18362.535_none_e6c3b34713100821\COMCTL32.dll
0x00007ff9c2350000 - 0x00007ff9c2686000 	C:\Windows\System32\combase.dll
0x00007ff9c1f60000 - 0x00007ff9c1fe0000 	C:\Windows\System32\bcryptPrimitives.dll
0x00007ff9c3e70000 - 0x00007ff9c3e9e000 	C:\Windows\System32\IMM32.DLL
0x0000000060560000 - 0x0000000060632000 	C:\Program Files\Android\Android Studio\jre\jre\bin\msvcr100.dll
0x0000000060640000 - 0x0000000060e86000 	C:\Program Files\Android\Android Studio\jre\jre\bin\server\jvm.dll
0x00007ff9c3300000 - 0x00007ff9c3308000 	C:\Windows\System32\PSAPI.DLL
0x00007ff9beea0000 - 0x00007ff9beec4000 	C:\Windows\SYSTEM32\WINMM.dll
0x00007ff9ade20000 - 0x00007ff9ade2a000 	C:\Windows\SYSTEM32\VERSION.dll
0x00007ff9bee70000 - 0x00007ff9bee9d000 	C:\Windows\SYSTEM32\WINMMBASE.dll
0x00007ff9c1ba0000 - 0x00007ff9c1bea000 	C:\Windows\System32\cfgmgr32.dll
0x00007ff9bad90000 - 0x00007ff9bad99000 	C:\Windows\SYSTEM32\WSOCK32.dll
0x00007ff9c3210000 - 0x00007ff9c327f000 	C:\Windows\System32\ws2_32.DLL
0x00007ff9bad80000 - 0x00007ff9bad8f000 	C:\Program Files\Android\Android Studio\jre\jre\bin\verify.dll
0x00007ff9bad50000 - 0x00007ff9bad79000 	C:\Program Files\Android\Android Studio\jre\jre\bin\java.dll
0x00007ff9bad30000 - 0x00007ff9bad46000 	C:\Program Files\Android\Android Studio\jre\jre\bin\zip.dll
0x00007ff9c3310000 - 0x00007ff9c39f5000 	C:\Windows\System32\SHELL32.dll
0x00007ff9c30b0000 - 0x00007ff9c3159000 	C:\Windows\System32\shcore.dll
0x00007ff9c1420000 - 0x00007ff9c1b9f000 	C:\Windows\System32\windows.storage.dll
0x00007ff9c11f0000 - 0x00007ff9c120f000 	C:\Windows\System32\profapi.dll
0x00007ff9c1180000 - 0x00007ff9c11ca000 	C:\Windows\System32\powrprof.dll
0x00007ff9c1150000 - 0x00007ff9c1160000 	C:\Windows\System32\UMPDC.dll
0x00007ff9c3180000 - 0x00007ff9c31d2000 	C:\Windows\System32\shlwapi.dll
0x00007ff9c1160000 - 0x00007ff9c1171000 	C:\Windows\System32\kernel.appcore.dll
0x00007ff9c1bf0000 - 0x00007ff9c1c07000 	C:\Windows\System32\cryptsp.dll
0x00007ff9aaac0000 - 0x00007ff9aaada000 	C:\Program Files\Android\Android Studio\jre\jre\bin\net.dll
0x00007ff9c0960000 - 0x00007ff9c09c7000 	C:\Windows\system32\mswsock.dll
0x00007ff9a9dc0000 - 0x00007ff9a9dd1000 	C:\Program Files\Android\Android Studio\jre\jre\bin\nio.dll
0x00007ff9bdc40000 - 0x00007ff9bdc66000 	C:\Users\HP_PC\.gradle\native\29\windows-amd64\native-platform.dll
0x00007ff9b3c30000 - 0x00007ff9b3c3d000 	C:\Program Files\Android\Android Studio\jre\jre\bin\management.dll
0x00007ff9c04d0000 - 0x00007ff9c0503000 	C:\Windows\system32\rsaenh.dll
0x00007ff9c1240000 - 0x00007ff9c1266000 	C:\Windows\System32\bcrypt.dll
0x00007ff9c1070000 - 0x00007ff9c1095000 	C:\Windows\SYSTEM32\USERENV.dll
0x00007ff9c0b30000 - 0x00007ff9c0b3c000 	C:\Windows\SYSTEM32\CRYPTBASE.dll
0x00007ff9c0670000 - 0x00007ff9c06aa000 	C:\Windows\SYSTEM32\IPHLPAPI.DLL
0x00007ff9c3170000 - 0x00007ff9c3178000 	C:\Windows\System32\NSI.dll
0x00007ff9bbe50000 - 0x00007ff9bbe66000 	C:\Windows\SYSTEM32\dhcpcsvc6.DLL
0x00007ff9bbf50000 - 0x00007ff9bbf6c000 	C:\Windows\SYSTEM32\dhcpcsvc.DLL
0x00007ff9c06b0000 - 0x00007ff9c077a000 	C:\Windows\SYSTEM32\DNSAPI.dll
0x000000006adc0000 - 0x000000006aeb2000 	C:\Temp\room-b96b3e1f-1e5d-432c-b4df-542c85b3b411\sqlite-3.20.1-87e80b1f-7694-4d24-a401-968280228992-sqlitejdbc.dll
0x0000000026a60000 - 0x0000000026b52000 	C:\Temp\room-68eb7eca-8057-4068-9bc9-a92560e7e9a9\sqlite-3.20.1-c300419d-92cd-40bc-a2f3-975508044e82-sqlitejdbc.dll

VM Arguments:
jvm_args: -Xmx1536m -Dfile.encoding=windows-1251 -Duser.country=UA -Duser.language=uk -Duser.variant 
java_command: org.gradle.launcher.daemon.bootstrap.GradleDaemon 5.4.1
java_class_path (initial): C:\Users\HP_PC\.gradle\wrapper\dists\gradle-5.4.1-all\3221gyojl5jsh0helicew7rwx\gradle-5.4.1\lib\gradle-launcher-5.4.1.jar
Launcher Type: SUN_STANDARD

Environment Variables:
PATH=C:\Windows\system32;C:\Windows;C:\Windows\System32\Wbem;C:\Windows\System32\WindowsPowerShell\v1.0\;C:\Program Files (x86)\Common Files\Acronis\SnapAPI\;C:\Program Files\Git\cmd;C:\Users\HP_PC\AppData\Local\Android\Sdk\platform-tools;C:\Users\HP_PC\AppData\Local\Microsoft\WindowsApps;adb;
USERNAME=HP_PC
OS=Windows_NT
PROCESSOR_IDENTIFIER=Intel64 Family 6 Model 58 Stepping 9, GenuineIntel



---------------  S Y S T E M  ---------------

OS: Windows 10.0 , 64 bit Build 18362 (10.0.18362.329)

CPU:total 4 (initial active 4) (2 cores per cpu, 2 threads per core) family 6 model 58 stepping 9, cmov, cx8, fxsr, mmx, sse, sse2, sse3, ssse3, sse4.1, sse4.2, popcnt, avx, aes, clmul, erms, ht, tsc, tscinvbit, tscinv

Memory: 4k page, physical 6191464k(199720k free), swap 6191464k(5132k free)

vm_info: OpenJDK 64-Bit Server VM (25.202-b03) for windows-amd64 JRE (1.8.0_202-release-1483-b03), built by "builder" with MS VC++ 10.0 (VS2010)

time: Wed Mar 11 20:24:05 2020
timezone: Фінляндія (зима)
elapsed time: 10559 seconds (0d 2h 55m 59s)

