#
# There is insufficient memory for the Java Runtime Environment to continue.
# Native memory allocation (malloc) failed to allocate 1611808 bytes for Chunk::new
# Possible reasons:
#   The system is out of physical RAM or swap space
#   The process is running with CompressedOops enabled, and the Java Heap may be blocking the growth of the native heap
# Possible solutions:
#   Reduce memory load on the system
#   Increase physical memory or swap space
#   Check if swap backing store is full
#   Decrease Java heap size (-Xmx/-Xms)
#   Decrease number of Java threads
#   Decrease Java thread stack sizes (-Xss)
#   Set larger code cache with -XX:ReservedCodeCacheSize=
#   JVM is running with Unscaled Compressed Oops mode in which the Java heap is
#     placed in the first 4GB address space. The Java Heap base address is the
#     maximum limit for the native heap growth. Please use -XX:HeapBaseMinAddress
#     to set the Java Heap base and to place the Java Heap above 4GB virtual address.
# This output file may be truncated or incomplete.
#
#  Out of Memory Error (allocation.cpp:389), pid=716, tid=0x0000000000001970
#
# JRE version: OpenJDK Runtime Environment (8.0_202-b03) (build 1.8.0_202-release-1483-b03)
# Java VM: OpenJDK 64-Bit Server VM (25.202-b03 mixed mode windows-amd64 compressed oops)
# Failed to write core dump. Minidumps are not enabled by default on client versions of Windows
#

---------------  T H R E A D  ---------------

Current thread (0x000000001684d000):  JavaThread "C2 CompilerThread1" daemon [_thread_in_native, id=6512, stack(0x0000000017f90000,0x0000000018090000)]

Stack: [0x0000000017f90000,0x0000000018090000]
[error occurred during error reporting (printing stack bounds), id 0xc0000005]

Native frames: (J=compiled Java code, j=interpreted, Vv=VM code, C=native code)


Current CompileTask:
C2: 216109 16397 % !   4       com.android.tools.r8.dex.c::b @ 242 (2274 bytes)


---------------  P R O C E S S  ---------------

Java Threads: ( => current thread )
  0x0000000020009000 JavaThread "WorkerExecutor Queue Thread 5" [_thread_in_native, id=3600, stack(0x0000000024470000,0x0000000024570000)]
  0x0000000020006000 JavaThread "WorkerExecutor Queue Thread 4" [_thread_blocked, id=5596, stack(0x0000000023170000,0x0000000023270000)]
  0x0000000020001000 JavaThread "Cache worker for Java compile cache (C:\Users\HP_PC\AndroidStudioProjects\PNU_APP\.gradle\5.4.1\javaCompile)" [_thread_blocked, id=5488, stack(0x0000000023070000,0x0000000023170000)]
  0x0000000020003800 JavaThread "Cache worker for Java compile cache (C:\Users\HP_PC\.gradle\caches\5.4.1\javaCompile)" [_thread_blocked, id=204, stack(0x000000001a9e0000,0x000000001aae0000)]
  0x0000000020007800 JavaThread "WorkerExecutor Queue Thread 3" [_thread_blocked, id=1684, stack(0x0000000024ea0000,0x0000000024fa0000)]
  0x0000000020006800 JavaThread "stdout" [_thread_in_native, id=5184, stack(0x0000000024ba0000,0x0000000024ca0000)]
  0x0000000020008000 JavaThread "stderr" [_thread_in_native, id=1080, stack(0x0000000024aa0000,0x0000000024ba0000)]
  0x0000000020003000 JavaThread "stdout" [_thread_in_native, id=6532, stack(0x00000000249a0000,0x0000000024aa0000)]
  0x0000000020000800 JavaThread "stderr" [_thread_in_native, id=1376, stack(0x00000000248a0000,0x00000000249a0000)]
  0x0000000020005000 JavaThread "pool-3-thread-1" [_thread_blocked, id=232, stack(0x0000000024570000,0x0000000024670000)]
  0x0000000020004800 JavaThread "WorkerExecutor Queue Thread 2" [_thread_blocked, id=1768, stack(0x00000000246a0000,0x00000000247a0000)]
  0x000000001eb1d800 JavaThread "Cache worker for execution history cache (C:\Users\HP_PC\AndroidStudioProjects\PNU_APP\.gradle\5.4.1\executionHistory)" [_thread_blocked, id=3920, stack(0x0000000024170000,0x0000000024270000)]
  0x00000000194fd800 JavaThread "Execution worker for ':' Thread 3" [_thread_blocked, id=5940, stack(0x0000000024070000,0x0000000024170000)]
  0x00000000194fb000 JavaThread "Execution worker for ':' Thread 2" [_thread_blocked, id=3772, stack(0x0000000023f70000,0x0000000024070000)]
  0x000000001eb19000 JavaThread "Execution worker for ':'" [_thread_blocked, id=6776, stack(0x0000000023e70000,0x0000000023f70000)]
  0x000000001eb1f000 JavaThread "Cache worker for file content cache (C:\Users\HP_PC\AndroidStudioProjects\PNU_APP\.gradle\5.4.1\fileContent)" [_thread_blocked, id=1456, stack(0x0000000023b70000,0x0000000023c70000)]
  0x000000001eb1c000 JavaThread "Cache worker for file content cache (C:\Users\HP_PC\.gradle\caches\5.4.1\fileContent)" [_thread_blocked, id=5936, stack(0x0000000023a70000,0x0000000023b70000)]
  0x000000001eb1b000 JavaThread "Cache worker for Build Output Cleanup Cache (C:\Users\HP_PC\AndroidStudioProjects\PNU_APP\.gradle\buildOutputCleanup)" [_thread_blocked, id=6488, stack(0x0000000023970000,0x0000000023a70000)]
  0x000000001eb1f800 JavaThread "pool-2-thread-1" [_thread_blocked, id=6708, stack(0x0000000022770000,0x0000000022870000)]
  0x000000001eb1a800 JavaThread "Build operations Thread 4" [_thread_blocked, id=5640, stack(0x0000000022070000,0x0000000022170000)]
  0x000000001eb1c800 JavaThread "Build operations Thread 3" [_thread_blocked, id=3508, stack(0x0000000021f70000,0x0000000022070000)]
  0x000000001eb1e000 JavaThread "Build operations Thread 2" [_thread_blocked, id=4176, stack(0x0000000021e70000,0x0000000021f70000)]
  0x000000001eb10800 JavaThread "Build operations" [_thread_blocked, id=6308, stack(0x0000000021d70000,0x0000000021e70000)]
  0x000000001eb14800 JavaThread "Cache worker for cache directory md-rule (C:\Users\HP_PC\.gradle\caches\5.4.1\md-rule)" [_thread_blocked, id=2780, stack(0x0000000021a10000,0x0000000021b10000)]
  0x000000001eb17800 JavaThread "Cache worker for cache directory md-supplier (C:\Users\HP_PC\.gradle\caches\5.4.1\md-supplier)" [_thread_blocked, id=5644, stack(0x000000001c8b0000,0x000000001c9b0000)]
  0x000000001eb13800 JavaThread "Cache worker for file hash cache (C:\Users\HP_PC\AndroidStudioProjects\PNU_APP\.gradle\5.4.1\fileHashes)" [_thread_blocked, id=2924, stack(0x000000001b0e0000,0x000000001b1e0000)]
  0x000000001eb12000 JavaThread "Thread-30" [_thread_blocked, id=4960, stack(0x000000001ace0000,0x000000001ade0000)]
  0x000000001eb16000 JavaThread "Asynchronous log dispatcher for DefaultDaemonConnection: socket connection from /127.0.0.1:50524 to /127.0.0.1:50530" [_thread_blocked, id=6228, stack(0x00000000012e0000,0x00000000013e0000)]
  0x000000001eb11800 JavaThread "Cancel handler" [_thread_blocked, id=5396, stack(0x00000000011e0000,0x00000000012e0000)]
  0x000000001eb13000 JavaThread "Handler for socket connection from /127.0.0.1:50524 to /127.0.0.1:50530" [_thread_in_native, id=2952, stack(0x0000000000fd0000,0x00000000010d0000)]
  0x000000001eb18000 JavaThread "Memory manager" [_thread_blocked, id=2176, stack(0x0000000023470000,0x0000000023570000)]
  0x000000001eb15000 JavaThread "Cache worker for execution history cache (C:\Users\HP_PC\.gradle\caches\5.4.1\executionHistory)" [_thread_blocked, id=4112, stack(0x000000001f5f0000,0x000000001f6f0000)]
  0x00000000194f9800 JavaThread "Cache worker for journal cache (C:\Users\HP_PC\.gradle\caches\journal-1)" [_thread_blocked, id=5448, stack(0x000000001b3e0000,0x000000001b4e0000)]
  0x00000000194f9000 JavaThread "File lock request listener" [_thread_in_native, id=6028, stack(0x000000001b2e0000,0x000000001b3e0000)]
  0x0000000018b8a000 JavaThread "Cache worker for file hash cache (C:\Users\HP_PC\.gradle\caches\5.4.1\fileHashes)" [_thread_blocked, id=6004, stack(0x000000001b1e0000,0x000000001b2e0000)]
  0x0000000018975000 JavaThread "Daemon worker" [_thread_blocked, id=3444, stack(0x000000001ade0000,0x000000001aee0000)]
  0x000000001913e000 JavaThread "Daemon" [_thread_blocked, id=5520, stack(0x000000001a8e0000,0x000000001a9e0000)]
  0x0000000018991000 JavaThread "Daemon periodic checks" [_thread_blocked, id=5704, stack(0x000000001a7e0000,0x000000001a8e0000)]
  0x000000001995c800 JavaThread "Incoming local TCP Connector on port 50524" [_thread_in_native, id=1036, stack(0x000000001a5a0000,0x000000001a6a0000)]
  0x0000000019785000 JavaThread "Daemon health stats" [_thread_blocked, id=6704, stack(0x0000000019f60000,0x000000001a060000)]
  0x00000000180a9800 JavaThread "Service Thread" daemon [_thread_blocked, id=2020, stack(0x0000000018590000,0x0000000018690000)]
  0x00000000180a0800 JavaThread "C1 CompilerThread2" daemon [_thread_blocked, id=2796, stack(0x0000000018490000,0x0000000018590000)]
=>0x000000001684d000 JavaThread "C2 CompilerThread1" daemon [_thread_in_native, id=6512, stack(0x0000000017f90000,0x0000000018090000)]
  0x0000000016843000 JavaThread "C2 CompilerThread0" daemon [_thread_in_native, id=5924, stack(0x0000000017e90000,0x0000000017f90000)]
  0x0000000016840800 JavaThread "Attach Listener" daemon [_thread_blocked, id=1244, stack(0x0000000017d90000,0x0000000017e90000)]
  0x0000000016846800 JavaThread "Signal Dispatcher" daemon [_thread_blocked, id=616, stack(0x0000000017c90000,0x0000000017d90000)]
  0x0000000002eca800 JavaThread "Finalizer" daemon [_thread_blocked, id=3752, stack(0x0000000017a90000,0x0000000017b90000)]
  0x0000000016829000 JavaThread "Reference Handler" daemon [_thread_blocked, id=4800, stack(0x0000000017990000,0x0000000017a90000)]
  0x0000000002dcd800 JavaThread "main" [_thread_blocked, id=1520, stack(0x0000000002c70000,0x0000000002d70000)]

Other Threads:
  0x0000000016806000 VMThread [stack: 0x0000000017890000,0x0000000017990000] [id=1792]
  0x000000001689c800 WatcherThread [stack: 0x0000000018690000,0x0000000018790000] [id=1444]

VM state:not at safepoint (normal execution)

VM Mutex/Monitor currently owned by a thread: None

heap address: 0x00000000a0000000, size: 1536 MB, Compressed Oops mode: 32-bit
Narrow klass base: 0x0000000000000000, Narrow klass shift: 3
Compressed class space size: 1073741824 Address: 0x0000000100000000

Heap:
 PSYoungGen      total 243200K, used 108559K [0x00000000e0000000, 0x00000000f4800000, 0x0000000100000000)
  eden space 179712K, 60% used [0x00000000e0000000,0x00000000e6a03ed8,0x00000000eaf80000)
  from space 63488K, 0% used [0x00000000ef400000,0x00000000ef400000,0x00000000f3200000)
  to   space 70144K, 0% used [0x00000000eaf80000,0x00000000eaf80000,0x00000000ef400000)
 ParOldGen       total 299008K, used 163294K [0x00000000a0000000, 0x00000000b2400000, 0x00000000e0000000)
  object space 299008K, 54% used [0x00000000a0000000,0x00000000a9f77a38,0x00000000b2400000)
 Metaspace       used 88920K, capacity 91914K, committed 92248K, reserved 1130496K
  class space    used 11387K, capacity 12073K, committed 12160K, reserved 1048576K

Card table byte_map: [0x0000000012290000,0x00000000125a0000] byte_map_base: 0x0000000011d90000

Marking Bits: (ParMarkBitMap*) 0x0000000062589f30
 Begin Bits: [0x0000000012ba0000, 0x00000000143a0000)
 End Bits:   [0x00000000143a0000, 0x0000000015ba0000)

Polling page: 0x0000000002c00000

CodeCache: size=245760Kb used=46257Kb max_used=46971Kb free=199502Kb
 bounds [0x0000000002ed0000, 0x0000000005d20000, 0x0000000011ed0000]
 total_blobs=14158 nmethods=13300 adapters=768
 compilation: enabled

Compilation events (10 events):
Event: 215.947 Thread 0x00000000180a0800 nmethod 16705 0x00000000059c31d0 code [0x00000000059c33a0, 0x00000000059c3a78]
Event: 216.003 Thread 0x00000000180a0800 16706       3       java.io.ObjectStreamClass::computeFieldOffsets (307 bytes)
Event: 216.004 Thread 0x00000000180a0800 nmethod 16706 0x000000000325bf10 code [0x000000000325c120, 0x000000000325cb88]
Event: 216.013 Thread 0x0000000016843000 16707       4       java.net.URI$Parser::parse (265 bytes)
Event: 216.015 Thread 0x00000000180a0800 16709       3       com.google.common.cache.LocalCache$Segment::drainValueReferenceQueue (43 bytes)
Event: 216.016 Thread 0x00000000180a0800 nmethod 16709 0x000000000502bbd0 code [0x000000000502bdc0, 0x000000000502c808]
Event: 216.017 Thread 0x00000000180a0800 16710   !   3       java.io.ObjectInputStream::readTypeString (134 bytes)
Event: 216.019 Thread 0x00000000180a0800 nmethod 16710 0x00000000059c5290 code [0x00000000059c55a0, 0x00000000059c6a08]
Event: 216.019 Thread 0x00000000180a0800 16712       3       java.lang.Class::enumConstantDirectory (114 bytes)
Event: 216.021 Thread 0x00000000180a0800 nmethod 16712 0x0000000004fbfcd0 code [0x0000000004fbff60, 0x0000000004fc1088]

GC Heap History (10 events):
Event: 195.022 GC heap before
{Heap before GC invocations=31 (full 4):
 PSYoungGen      total 181248K, used 163342K [0x00000000e0000000, 0x00000000ee300000, 0x0000000100000000)
  eden space 135680K, 100% used [0x00000000e0000000,0x00000000e8480000,0x00000000e8480000)
  from space 45568K, 60% used [0x00000000eb200000,0x00000000ecd03a18,0x00000000ede80000)
  to   space 46592K, 0% used [0x00000000e8480000,0x00000000e8480000,0x00000000eb200000)
 ParOldGen       total 211968K, used 107563K [0x00000000a0000000, 0x00000000acf00000, 0x00000000e0000000)
  object space 211968K, 50% used [0x00000000a0000000,0x00000000a690ada8,0x00000000acf00000)
 Metaspace       used 79991K, capacity 82140K, committed 82392K, reserved 1120256K
  class space    used 10142K, capacity 10720K, committed 10752K, reserved 1048576K
Event: 195.083 GC heap after
Heap after GC invocations=31 (full 4):
 PSYoungGen      total 182272K, used 46572K [0x00000000e0000000, 0x00000000f0b00000, 0x0000000100000000)
  eden space 135680K, 0% used [0x00000000e0000000,0x00000000e0000000,0x00000000e8480000)
  from space 46592K, 99% used [0x00000000e8480000,0x00000000eb1fb2c0,0x00000000eb200000)
  to   space 56832K, 0% used [0x00000000ed380000,0x00000000ed380000,0x00000000f0b00000)
 ParOldGen       total 211968K, used 115392K [0x00000000a0000000, 0x00000000acf00000, 0x00000000e0000000)
  object space 211968K, 54% used [0x00000000a0000000,0x00000000a70b0118,0x00000000acf00000)
 Metaspace       used 79991K, capacity 82140K, committed 82392K, reserved 1120256K
  class space    used 10142K, capacity 10720K, committed 10752K, reserved 1048576K
}
Event: 201.711 GC heap before
{Heap before GC invocations=32 (full 4):
 PSYoungGen      total 182272K, used 182157K [0x00000000e0000000, 0x00000000f0b00000, 0x0000000100000000)
  eden space 135680K, 99% used [0x00000000e0000000,0x00000000e8468388,0x00000000e8480000)
  from space 46592K, 99% used [0x00000000e8480000,0x00000000eb1fb2c0,0x00000000eb200000)
  to   space 56832K, 0% used [0x00000000ed380000,0x00000000ed380000,0x00000000f0b00000)
 ParOldGen       total 211968K, used 115392K [0x00000000a0000000, 0x00000000acf00000, 0x00000000e0000000)
  object space 211968K, 54% used [0x00000000a0000000,0x00000000a70b0118,0x00000000acf00000)
 Metaspace       used 87407K, capacity 90416K, committed 90584K, reserved 1128448K
  class space    used 11236K, capacity 11920K, committed 12032K, reserved 1048576K
Event: 201.795 GC heap after
Heap after GC invocations=32 (full 4):
 PSYoungGen      total 212480K, used 13386K [0x00000000e0000000, 0x00000000f0700000, 0x0000000100000000)
  eden space 159744K, 0% used [0x00000000e0000000,0x00000000e0000000,0x00000000e9c00000)
  from space 52736K, 25% used [0x00000000ed380000,0x00000000ee092870,0x00000000f0700000)
  to   space 54784K, 0% used [0x00000000e9c00000,0x00000000e9c00000,0x00000000ed180000)
 ParOldGen       total 211968K, used 161836K [0x00000000a0000000, 0x00000000acf00000, 0x00000000e0000000)
  object space 211968K, 76% used [0x00000000a0000000,0x00000000a9e0b2e8,0x00000000acf00000)
 Metaspace       used 87407K, capacity 90416K, committed 90584K, reserved 1128448K
  class space    used 11236K, capacity 11920K, committed 12032K, reserved 1048576K
}
Event: 211.911 GC heap before
{Heap before GC invocations=33 (full 4):
 PSYoungGen      total 212480K, used 173130K [0x00000000e0000000, 0x00000000f0700000, 0x0000000100000000)
  eden space 159744K, 100% used [0x00000000e0000000,0x00000000e9c00000,0x00000000e9c00000)
  from space 52736K, 25% used [0x00000000ed380000,0x00000000ee092870,0x00000000f0700000)
  to   space 54784K, 0% used [0x00000000e9c00000,0x00000000e9c00000,0x00000000ed180000)
 ParOldGen       total 211968K, used 161836K [0x00000000a0000000, 0x00000000acf00000, 0x00000000e0000000)
  object space 211968K, 76% used [0x00000000a0000000,0x00000000a9e0b2e8,0x00000000acf00000)
 Metaspace       used 88391K, capacity 91456K, committed 91736K, reserved 1128448K
  class space    used 11370K, capacity 12052K, committed 12160K, reserved 1048576K
Event: 211.973 GC heap after
Heap after GC invocations=33 (full 4):
 PSYoungGen      total 214528K, used 53593K [0x00000000e0000000, 0x00000000f3200000, 0x0000000100000000)
  eden space 159744K, 0% used [0x00000000e0000000,0x00000000e0000000,0x00000000e9c00000)
  from space 54784K, 97% used [0x00000000e9c00000,0x00000000ed0567d8,0x00000000ed180000)
  to   space 63488K, 0% used [0x00000000ef400000,0x00000000ef400000,0x00000000f3200000)
 ParOldGen       total 211968K, used 166282K [0x00000000a0000000, 0x00000000acf00000, 0x00000000e0000000)
  object space 211968K, 78% used [0x00000000a0000000,0x00000000aa262a30,0x00000000acf00000)
 Metaspace       used 88391K, capacity 91456K, committed 91736K, reserved 1128448K
  class space    used 11370K, capacity 12052K, committed 12160K, reserved 1048576K
}
Event: 213.949 GC heap before
{Heap before GC invocations=34 (full 4):
 PSYoungGen      total 214528K, used 213337K [0x00000000e0000000, 0x00000000f3200000, 0x0000000100000000)
  eden space 159744K, 100% used [0x00000000e0000000,0x00000000e9c00000,0x00000000e9c00000)
  from space 54784K, 97% used [0x00000000e9c00000,0x00000000ed0567d8,0x00000000ed180000)
  to   space 63488K, 0% used [0x00000000ef400000,0x00000000ef400000,0x00000000f3200000)
 ParOldGen       total 211968K, used 166282K [0x00000000a0000000, 0x00000000acf00000, 0x00000000e0000000)
  object space 211968K, 78% used [0x00000000a0000000,0x00000000aa262a30,0x00000000acf00000)
 Metaspace       used 88639K, capacity 91766K, committed 91992K, reserved 1128448K
  class space    used 11374K, capacity 12053K, committed 12160K, reserved 1048576K
Event: 214.113 GC heap after
Heap after GC invocations=34 (full 4):
 PSYoungGen      total 243200K, used 52132K [0x00000000e0000000, 0x00000000f4800000, 0x0000000100000000)
  eden space 179712K, 0% used [0x00000000e0000000,0x00000000e0000000,0x00000000eaf80000)
  from space 63488K, 82% used [0x00000000ef400000,0x00000000f26e9038,0x00000000f3200000)
  to   space 70144K, 0% used [0x00000000eaf80000,0x00000000eaf80000,0x00000000ef400000)
 ParOldGen       total 211968K, used 207479K [0x00000000a0000000, 0x00000000acf00000, 0x00000000e0000000)
  object space 211968K, 97% used [0x00000000a0000000,0x00000000aca9de80,0x00000000acf00000)
 Metaspace       used 88639K, capacity 91766K, committed 91992K, reserved 1128448K
  class space    used 11374K, capacity 12053K, committed 12160K, reserved 1048576K
}
Event: 214.113 GC heap before
{Heap before GC invocations=35 (full 5):
 PSYoungGen      total 243200K, used 52132K [0x00000000e0000000, 0x00000000f4800000, 0x0000000100000000)
  eden space 179712K, 0% used [0x00000000e0000000,0x00000000e0000000,0x00000000eaf80000)
  from space 63488K, 82% used [0x00000000ef400000,0x00000000f26e9038,0x00000000f3200000)
  to   space 70144K, 0% used [0x00000000eaf80000,0x00000000eaf80000,0x00000000ef400000)
 ParOldGen       total 211968K, used 207479K [0x00000000a0000000, 0x00000000acf00000, 0x00000000e0000000)
  object space 211968K, 97% used [0x00000000a0000000,0x00000000aca9de80,0x00000000acf00000)
 Metaspace       used 88639K, capacity 91766K, committed 91992K, reserved 1128448K
  class space    used 11374K, capacity 12053K, committed 12160K, reserved 1048576K
Event: 214.977 GC heap after
Heap after GC invocations=35 (full 5):
 PSYoungGen      total 243200K, used 0K [0x00000000e0000000, 0x00000000f4800000, 0x0000000100000000)
  eden space 179712K, 0% used [0x00000000e0000000,0x00000000e0000000,0x00000000eaf80000)
  from space 63488K, 0% used [0x00000000ef400000,0x00000000ef400000,0x00000000f3200000)
  to   space 70144K, 0% used [0x00000000eaf80000,0x00000000eaf80000,0x00000000ef400000)
 ParOldGen       total 299008K, used 163294K [0x00000000a0000000, 0x00000000b2400000, 0x00000000e0000000)
  object space 299008K, 54% used [0x00000000a0000000,0x00000000a9f77a38,0x00000000b2400000)
 Metaspace       used 88528K, capacity 91476K, committed 91992K, reserved 1128448K
  class space    used 11335K, capacity 11984K, committed 12160K, reserved 1048576K
}

Deoptimization events (10 events):
Event: 213.598 Thread 0x000000002000f000 Uncommon trap: reason=class_check action=maybe_recompile pc=0x0000000005bbe988 method=com.android.tools.r8.graph.DexEncodedMethod.a(Lcom/android/tools/r8/dex/o;)V @ 2
Event: 213.598 Thread 0x000000002000f000 Uncommon trap: reason=class_check action=maybe_recompile pc=0x0000000005bbe988 method=com.android.tools.r8.graph.DexEncodedMethod.a(Lcom/android/tools/r8/dex/o;)V @ 2
Event: 213.651 Thread 0x000000002000f000 Uncommon trap: reason=null_check action=make_not_entrant pc=0x00000000059a268c method=com.android.tools.r8.graph.DexString.b(Ljava/lang/Object;)Z @ 1
Event: 213.651 Thread 0x000000002000f000 Uncommon trap: reason=unstable_if action=reinterpret pc=0x00000000032222a8 method=java.util.Arrays.equals([Ljava/lang/Object;[Ljava/lang/Object;)Z @ 47
Event: 213.914 Thread 0x000000002000f000 Uncommon trap: reason=unloaded action=reinterpret pc=0x0000000005be3eb4 method=com.android.tools.r8.utils.DescriptorUtils.a(Ljava/lang/String;Lcom/android/tools/r8/naming/ClassNameMapper;)Ljava/lang/String; @ 180
Event: 215.101 Thread 0x000000002000f000 Uncommon trap: reason=unstable_if action=reinterpret pc=0x00000000058c6130 method=java.util.TimSort.mergeHi(IIII)V @ 584
Event: 215.112 Thread 0x000000002000f000 Uncommon trap: reason=unstable_if action=reinterpret pc=0x00000000058dd59c method=java.util.TimSort.mergeLo(IIII)V @ 529
Event: 215.172 Thread 0x000000002000f000 Uncommon trap: reason=unstable_if action=reinterpret pc=0x0000000005835360 method=com.android.tools.r8.dex.DexOutputBuffer.j(I)V @ 8
Event: 216.036 Thread 0x0000000020009000 Uncommon trap: reason=bimorphic action=maybe_recompile pc=0x000000000475e394 method=java.security.MessageDigest$Delegate.clone()Ljava/lang/Object; @ 14
Event: 216.060 Thread 0x0000000020009000 Uncommon trap: reason=bimorphic action=maybe_recompile pc=0x0000000004a22ac8 method=java.nio.charset.CharsetDecoder.reset()Ljava/nio/charset/CharsetDecoder; @ 1

Classes redefined (0 events):
No events

Internal exceptions (10 events):
Event: 211.551 Thread 0x000000002000d800 Implicit null exception at 0x00000000041371af to 0x00000000041372a1
Event: 211.551 Thread 0x000000002000f000 Implicit null exception at 0x00000000041371af to 0x00000000041372a1
Event: 211.551 Thread 0x000000002000f800 Implicit null exception at 0x00000000041371af to 0x00000000041372a1
Event: 211.551 Thread 0x000000002000b000 Implicit null exception at 0x00000000041371af to 0x00000000041372a1
Event: 213.651 Thread 0x000000002000f000 Implicit null exception at 0x00000000059a250f to 0x00000000059a267d
Event: 215.772 Thread 0x000000002000f000 Exception <a 'sun/nio/fs/WindowsException'> (0x00000000e5e7eb50) thrown at [D:\src\AOSP-openjdk-cygwin\jdk8u\hotspot\src\share\vm\prims\jni.cpp, line 710]
Event: 216.003 Thread 0x0000000018975000 Exception <a 'java/lang/NoSuchMethodError': <clinit>> (0x00000000e63ccb38) thrown at [D:\src\AOSP-openjdk-cygwin\jdk8u\hotspot\src\share\vm\prims\jni.cpp, line 1614]
Event: 216.003 Thread 0x0000000018975000 Exception <a 'java/lang/NoSuchMethodError': <clinit>> (0x00000000e63d0b18) thrown at [D:\src\AOSP-openjdk-cygwin\jdk8u\hotspot\src\share\vm\prims\jni.cpp, line 1614]
Event: 216.006 Thread 0x0000000018975000 Exception <a 'java/lang/NoSuchMethodError': <clinit>> (0x00000000e63eff98) thrown at [D:\src\AOSP-openjdk-cygwin\jdk8u\hotspot\src\share\vm\prims\jni.cpp, line 1614]
Event: 216.061 Thread 0x0000000020009000 Exception <a 'java/lang/NoSuchMethodError': java.lang.Object.lambda$asRunnable$0(Lcom/android/tools/build/apkzlib/utils/IOExceptionRunnable;)V> (0x00000000e69f4c08) thrown at [D:\src\AOSP-openjdk-cygwin\jdk8u\hotspot\src\share\vm\interpreter\linkResolver.

Events (10 events):
Event: 216.061 loading class com/android/builder/files/FileCacheByPath
Event: 216.061 loading class com/android/builder/files/FileCacheByPath done
Event: 216.061 loading class com/android/tools/build/apkzlib/utils/IOExceptionRunnable
Event: 216.061 loading class com/android/tools/build/apkzlib/utils/IOExceptionRunnable done
Event: 216.061 loading class com/android/tools/build/apkzlib/utils/IOExceptionRunnable
Event: 216.061 loading class com/android/tools/build/apkzlib/utils/IOExceptionRunnable done
Event: 216.061 loading class com/android/tools/build/apkzlib/utils/IOExceptionRunnable
Event: 216.061 loading class com/android/tools/build/apkzlib/utils/IOExceptionRunnable done
Event: 216.062 loading class com/android/builder/files/RelativeFiles
Event: 216.062 loading class com/android/builder/files/RelativeFiles done


Dynamic libraries:
0x00007ff662ff0000 - 0x00007ff663021000 	C:\Program Files\Android\Android Studio\jre\bin\java.exe
0x00007ffd11100000 - 0x00007ffd112f0000 	C:\Windows\SYSTEM32\ntdll.dll
0x00007ffd11040000 - 0x00007ffd110f2000 	C:\Windows\System32\KERNEL32.DLL
0x00007ffd0eee0000 - 0x00007ffd0f183000 	C:\Windows\System32\KERNELBASE.dll
0x00007ffd0f3d0000 - 0x00007ffd0f473000 	C:\Windows\System32\ADVAPI32.dll
0x00007ffd0fbf0000 - 0x00007ffd0fc8e000 	C:\Windows\System32\msvcrt.dll
0x00007ffd0f480000 - 0x00007ffd0f517000 	C:\Windows\System32\sechost.dll
0x00007ffd0f900000 - 0x00007ffd0fa20000 	C:\Windows\System32\RPCRT4.dll
0x00007ffd0fa50000 - 0x00007ffd0fbe4000 	C:\Windows\System32\USER32.dll
0x00007ffd0e490000 - 0x00007ffd0e4b1000 	C:\Windows\System32\win32u.dll
0x00007ffd10f00000 - 0x00007ffd10f26000 	C:\Windows\System32\GDI32.dll
0x00007ffd0e2c0000 - 0x00007ffd0e454000 	C:\Windows\System32\gdi32full.dll
0x00007ffd0e0d0000 - 0x00007ffd0e16e000 	C:\Windows\System32\msvcp_win.dll
0x00007ffd0e1c0000 - 0x00007ffd0e2ba000 	C:\Windows\System32\ucrtbase.dll
0x00007ffd010a0000 - 0x00007ffd01325000 	C:\Windows\WinSxS\amd64_microsoft.windows.common-controls_6595b64144ccf1df_6.0.18362.535_none_e6c3b34713100821\COMCTL32.dll
0x00007ffd10100000 - 0x00007ffd10436000 	C:\Windows\System32\combase.dll
0x00007ffd0e610000 - 0x00007ffd0e690000 	C:\Windows\System32\bcryptPrimitives.dll
0x00007ffd0fa20000 - 0x00007ffd0fa4e000 	C:\Windows\System32\IMM32.DLL
0x0000000061ce0000 - 0x0000000061db2000 	C:\Program Files\Android\Android Studio\jre\jre\bin\msvcr100.dll
0x0000000061dc0000 - 0x0000000062606000 	C:\Program Files\Android\Android Studio\jre\jre\bin\server\jvm.dll
0x00007ffd10ef0000 - 0x00007ffd10ef8000 	C:\Windows\System32\PSAPI.DLL
0x00007ffd0bcb0000 - 0x00007ffd0bcb9000 	C:\Windows\SYSTEM32\WSOCK32.dll
0x00007ffd0f520000 - 0x00007ffd0f58f000 	C:\Windows\System32\WS2_32.dll
0x00007ffd0bc60000 - 0x00007ffd0bc84000 	C:\Windows\SYSTEM32\WINMM.dll
0x00007ffd07430000 - 0x00007ffd0743a000 	C:\Windows\SYSTEM32\VERSION.dll
0x00007ffd0bc30000 - 0x00007ffd0bc5d000 	C:\Windows\SYSTEM32\WINMMBASE.dll
0x00007ffd0e170000 - 0x00007ffd0e1ba000 	C:\Windows\System32\cfgmgr32.dll
0x00007ffd0a930000 - 0x00007ffd0a93f000 	C:\Program Files\Android\Android Studio\jre\jre\bin\verify.dll
0x00007ffd0a900000 - 0x00007ffd0a929000 	C:\Program Files\Android\Android Studio\jre\jre\bin\java.dll
0x00007ffd0a8e0000 - 0x00007ffd0a8f6000 	C:\Program Files\Android\Android Studio\jre\jre\bin\zip.dll
0x00007ffd104c0000 - 0x00007ffd10ba5000 	C:\Windows\System32\SHELL32.dll
0x00007ffd10f90000 - 0x00007ffd11039000 	C:\Windows\System32\shcore.dll
0x00007ffd0e690000 - 0x00007ffd0ee0f000 	C:\Windows\System32\windows.storage.dll
0x00007ffd0e020000 - 0x00007ffd0e03f000 	C:\Windows\System32\profapi.dll
0x00007ffd0e040000 - 0x00007ffd0e08a000 	C:\Windows\System32\powrprof.dll
0x00007ffd0e010000 - 0x00007ffd0e020000 	C:\Windows\System32\UMPDC.dll
0x00007ffd0f8a0000 - 0x00007ffd0f8f2000 	C:\Windows\System32\shlwapi.dll
0x00007ffd0e0b0000 - 0x00007ffd0e0c1000 	C:\Windows\System32\kernel.appcore.dll
0x00007ffd0ee10000 - 0x00007ffd0ee27000 	C:\Windows\System32\cryptsp.dll
0x00007ffd0a8c0000 - 0x00007ffd0a8da000 	C:\Program Files\Android\Android Studio\jre\jre\bin\net.dll
0x00007ffd0d820000 - 0x00007ffd0d887000 	C:\Windows\system32\mswsock.dll
0x00007ffd0a8a0000 - 0x00007ffd0a8b1000 	C:\Program Files\Android\Android Studio\jre\jre\bin\nio.dll
0x00007ffd09180000 - 0x00007ffd091a6000 	C:\Users\HP_PC\.gradle\native\29\windows-amd64\native-platform.dll
0x00007ffd0a890000 - 0x00007ffd0a89d000 	C:\Program Files\Android\Android Studio\jre\jre\bin\management.dll
0x00007ffd0d390000 - 0x00007ffd0d3c3000 	C:\Windows\system32\rsaenh.dll
0x00007ffd0e460000 - 0x00007ffd0e486000 	C:\Windows\System32\bcrypt.dll
0x00007ffd0df00000 - 0x00007ffd0df25000 	C:\Windows\SYSTEM32\USERENV.dll
0x00007ffd0d9f0000 - 0x00007ffd0d9fc000 	C:\Windows\SYSTEM32\CRYPTBASE.dll
0x00007ffd0d530000 - 0x00007ffd0d56a000 	C:\Windows\SYSTEM32\IPHLPAPI.DLL
0x00007ffd0f3c0000 - 0x00007ffd0f3c8000 	C:\Windows\System32\NSI.dll
0x00007ffd08930000 - 0x00007ffd08946000 	C:\Windows\SYSTEM32\dhcpcsvc6.DLL
0x00007ffd08f20000 - 0x00007ffd08f3c000 	C:\Windows\SYSTEM32\dhcpcsvc.DLL
0x00007ffd0d570000 - 0x00007ffd0d63a000 	C:\Windows\SYSTEM32\DNSAPI.dll
0x000000006adc0000 - 0x000000006aeb2000 	C:\Temp\room-12994f7b-6a6f-43d5-8f9b-7acb54ac029a\sqlite-3.20.1-e001955e-6ee4-4c2d-a45c-40a0b7265fa8-sqlitejdbc.dll

VM Arguments:
jvm_args: -Xmx1536m -Dfile.encoding=windows-1251 -Duser.country=UA -Duser.language=uk -Duser.variant 
java_command: org.gradle.launcher.daemon.bootstrap.GradleDaemon 5.4.1
java_class_path (initial): C:\Users\HP_PC\.gradle\wrapper\dists\gradle-5.4.1-all\3221gyojl5jsh0helicew7rwx\gradle-5.4.1\lib\gradle-launcher-5.4.1.jar
Launcher Type: SUN_STANDARD

Environment Variables:
PATH=C:\Windows\system32;C:\Windows;C:\Windows\System32\Wbem;C:\Windows\System32\WindowsPowerShell\v1.0\;C:\Program Files (x86)\Common Files\Acronis\SnapAPI\;C:\Program Files\Git\cmd;C:\Users\HP_PC\AppData\Local\Android\Sdk\platform-tools;C:\Users\HP_PC\AppData\Local\Microsoft\WindowsApps;adb;
USERNAME=HP_PC
OS=Windows_NT
PROCESSOR_IDENTIFIER=Intel64 Family 6 Model 58 Stepping 9, GenuineIntel



---------------  S Y S T E M  ---------------

OS: Windows 10.0 , 64 bit Build 18362 (10.0.18362.329)

CPU:total 4 (initial active 4) (2 cores per cpu, 2 threads per core) family 6 model 58 stepping 9, cmov, cx8, fxsr, mmx, sse, sse2, sse3, ssse3, sse4.1, sse4.2, popcnt, avx, aes, clmul, erms, ht, tsc, tscinvbit, tscinv

Memory: 4k page, physical 6191464k(277024k free), swap 6191464k(5760k free)

vm_info: OpenJDK 64-Bit Server VM (25.202-b03) for windows-amd64 JRE (1.8.0_202-release-1483-b03), built by "builder" with MS VC++ 10.0 (VS2010)

time: Sun Mar 01 19:42:24 2020
timezone: Фінляндія (зима)
elapsed time: 216 seconds (0d 0h 3m 36s)

