#
# There is insufficient memory for the Java Runtime Environment to continue.
# Native memory allocation (malloc) failed to allocate 1727536 bytes for Chunk::new
# Possible reasons:
#   The system is out of physical RAM or swap space
#   The process is running with CompressedOops enabled, and the Java Heap may be blocking the growth of the native heap
# Possible solutions:
#   Reduce memory load on the system
#   Increase physical memory or swap space
#   Check if swap backing store is full
#   Decrease Java heap size (-Xmx/-Xms)
#   Decrease number of Java threads
#   Decrease Java thread stack sizes (-Xss)
#   Set larger code cache with -XX:ReservedCodeCacheSize=
#   JVM is running with Unscaled Compressed Oops mode in which the Java heap is
#     placed in the first 4GB address space. The Java Heap base address is the
#     maximum limit for the native heap growth. Please use -XX:HeapBaseMinAddress
#     to set the Java Heap base and to place the Java Heap above 4GB virtual address.
# This output file may be truncated or incomplete.
#
#  Out of Memory Error (allocation.cpp:389), pid=1892, tid=0x0000000000001804
#
# JRE version: OpenJDK Runtime Environment (8.0_202-b03) (build 1.8.0_202-release-1483-b03)
# Java VM: OpenJDK 64-Bit Server VM (25.202-b03 mixed mode windows-amd64 compressed oops)
# Failed to write core dump. Minidumps are not enabled by default on client versions of Windows
#

---------------  T H R E A D  ---------------

Current thread (0x0000000015e17000):  JavaThread "C2 CompilerThread0" daemon [_thread_in_native, id=6148, stack(0x0000000017460000,0x0000000017560000)]

Stack: [0x0000000017460000,0x0000000017560000]
[error occurred during error reporting (printing stack bounds), id 0xc0000005]

Native frames: (J=compiled Java code, j=interpreted, Vv=VM code, C=native code)


Current CompileTask:
C2:  10228 4987       4       sun.reflect.generics.parser.SignatureParser::parsePackageNameAndSimpleClassTypeSignature (139 bytes)


---------------  P R O C E S S  ---------------

Java Threads: ( => current thread )
  0x000000001fbbc000 JavaThread "Cache worker for file content cache (C:\Users\HP_PC\AndroidStudioProjects\PNU_APP\.gradle\5.4.1\fileContent)" [_thread_blocked, id=820, stack(0x00000000229c0000,0x0000000022ac0000)]
  0x000000001fbbb800 JavaThread "Cache worker for file content cache (C:\Users\HP_PC\.gradle\caches\5.4.1\fileContent)" [_thread_blocked, id=8112, stack(0x00000000228c0000,0x00000000229c0000)]
  0x000000001fbb8800 JavaThread "Memory manager" [_thread_blocked, id=7724, stack(0x0000000021e20000,0x0000000021f20000)]
  0x000000001fbba000 JavaThread "Cache worker for Build Output Cleanup Cache (C:\Users\HP_PC\AndroidStudioProjects\PNU_APP\.gradle\buildOutputCleanup)" [_thread_blocked, id=5416, stack(0x0000000021fa0000,0x00000000220a0000)]
  0x000000001fbb6000 JavaThread "pool-1-thread-1" [_thread_blocked, id=7000, stack(0x0000000020bf0000,0x0000000020cf0000)]
  0x000000001fbb0000 JavaThread "Build operations Thread 4" [_thread_blocked, id=6912, stack(0x0000000021300000,0x0000000021400000)]
  0x000000001fbb4800 JavaThread "Build operations Thread 3" [_thread_blocked, id=4408, stack(0x0000000021200000,0x0000000021300000)]
  0x000000001fbb4000 JavaThread "Build operations Thread 2" [_thread_blocked, id=6696, stack(0x0000000021100000,0x0000000021200000)]
  0x000000001fbb3000 JavaThread "Build operations" [_thread_blocked, id=7108, stack(0x0000000021000000,0x0000000021100000)]
  0x000000001fbb1800 JavaThread "Cache worker for execution history cache (C:\Users\HP_PC\.gradle\caches\5.4.1\executionHistory)" [_thread_blocked, id=8036, stack(0x0000000020d00000,0x0000000020e00000)]
  0x000000001fbb1000 JavaThread "Cache worker for cache directory md-rule (C:\Users\HP_PC\.gradle\caches\5.4.1\md-rule)" [_thread_blocked, id=7540, stack(0x000000001f6f0000,0x000000001f7f0000)]
  0x000000001fbb7000 JavaThread "Cache worker for cache directory md-supplier (C:\Users\HP_PC\.gradle\caches\5.4.1\md-supplier)" [_thread_blocked, id=3860, stack(0x000000001e580000,0x000000001e680000)]
  0x0000000015e25800 JavaThread "Cache worker for file hash cache (C:\Users\HP_PC\AndroidStudioProjects\PNU_APP\.gradle\5.4.1\fileHashes)" [_thread_blocked, id=7224, stack(0x000000001de20000,0x000000001df20000)]
  0x0000000015e29800 JavaThread "Cache worker for journal cache (C:\Users\HP_PC\.gradle\caches\journal-1)" [_thread_blocked, id=7124, stack(0x000000001a9b0000,0x000000001aab0000)]
  0x0000000015e28800 JavaThread "File lock request listener" [_thread_in_native, id=2200, stack(0x000000001a8b0000,0x000000001a9b0000)]
  0x0000000019144800 JavaThread "Cache worker for file hash cache (C:\Users\HP_PC\.gradle\caches\5.4.1\fileHashes)" [_thread_blocked, id=6456, stack(0x000000001a7b0000,0x000000001a8b0000)]
  0x0000000018990800 JavaThread "Thread-9" [_thread_blocked, id=4872, stack(0x000000001a6b0000,0x000000001a7b0000)]
  0x0000000018eb7000 JavaThread "Stdin handler" [_thread_blocked, id=7272, stack(0x000000001a5b0000,0x000000001a6b0000)]
  0x0000000019289800 JavaThread "Asynchronous log dispatcher for DefaultDaemonConnection: socket connection from /127.0.0.1:51589 to /127.0.0.1:51590" [_thread_blocked, id=6164, stack(0x000000001a4b0000,0x000000001a5b0000)]
  0x000000001882a000 JavaThread "Daemon worker" [_thread_in_native, id=7520, stack(0x000000001a3b0000,0x000000001a4b0000)]
  0x0000000018829000 JavaThread "Cancel handler" [_thread_blocked, id=6708, stack(0x000000001a2b0000,0x000000001a3b0000)]
  0x0000000017f0e000 JavaThread "Handler for socket connection from /127.0.0.1:51589 to /127.0.0.1:51590" [_thread_in_native, id=2496, stack(0x0000000019fb0000,0x000000001a0b0000)]
  0x0000000017eec800 JavaThread "Daemon" [_thread_blocked, id=3716, stack(0x0000000019eb0000,0x0000000019fb0000)]
  0x0000000017b43800 JavaThread "Daemon periodic checks" [_thread_blocked, id=5136, stack(0x0000000019db0000,0x0000000019eb0000)]
  0x0000000018f1b000 JavaThread "Incoming local TCP Connector on port 51589" [_thread_in_native, id=5996, stack(0x0000000019b70000,0x0000000019c70000)]
  0x0000000018f25800 JavaThread "Daemon health stats" [_thread_blocked, id=32, stack(0x0000000019530000,0x0000000019630000)]
  0x0000000017798800 JavaThread "Service Thread" daemon [_thread_blocked, id=5736, stack(0x0000000017b60000,0x0000000017c60000)]
  0x0000000015e27000 JavaThread "C1 CompilerThread2" daemon [_thread_in_native, id=6784, stack(0x0000000017660000,0x0000000017760000)]
  0x0000000015e1f800 JavaThread "C2 CompilerThread1" daemon [_thread_in_native, id=912, stack(0x0000000017560000,0x0000000017660000)]
=>0x0000000015e17000 JavaThread "C2 CompilerThread0" daemon [_thread_in_native, id=6148, stack(0x0000000017460000,0x0000000017560000)]
  0x0000000015e11800 JavaThread "Attach Listener" daemon [_thread_blocked, id=2828, stack(0x0000000017360000,0x0000000017460000)]
  0x0000000015e10800 JavaThread "Signal Dispatcher" daemon [_thread_blocked, id=7372, stack(0x0000000017260000,0x0000000017360000)]
  0x000000000249a800 JavaThread "Finalizer" daemon [_thread_blocked, id=6260, stack(0x0000000017060000,0x0000000017160000)]
  0x0000000015df9000 JavaThread "Reference Handler" daemon [_thread_blocked, id=6604, stack(0x0000000016f60000,0x0000000017060000)]
  0x000000000239d800 JavaThread "main" [_thread_blocked, id=5248, stack(0x0000000002230000,0x0000000002330000)]

Other Threads:
  0x0000000015dd5800 VMThread [stack: 0x0000000016e60000,0x0000000016f60000] [id=212]
  0x0000000015e6d000 WatcherThread [stack: 0x0000000017c60000,0x0000000017d60000] [id=8024]

VM state:not at safepoint (normal execution)

VM Mutex/Monitor currently owned by a thread: None

heap address: 0x00000000a0000000, size: 1536 MB, Compressed Oops mode: 32-bit
Narrow klass base: 0x0000000000000000, Narrow klass shift: 3
Compressed class space size: 1073741824 Address: 0x0000000100000000

Heap:
 PSYoungGen      total 159232K, used 142053K [0x00000000e0000000, 0x00000000eab80000, 0x0000000100000000)
  eden space 144896K, 88% used [0x00000000e0000000,0x00000000e7cbde90,0x00000000e8d80000)
  from space 14336K, 99% used [0x00000000e8d80000,0x00000000e9b7b658,0x00000000e9b80000)
  to   space 12288K, 0% used [0x00000000e9b80000,0x00000000e9b80000,0x00000000ea780000)
 ParOldGen       total 82944K, used 23519K [0x00000000a0000000, 0x00000000a5100000, 0x00000000e0000000)
  object space 82944K, 28% used [0x00000000a0000000,0x00000000a16f7cc8,0x00000000a5100000)
 Metaspace       used 56885K, capacity 58510K, committed 58664K, reserved 1099776K
  class space    used 7760K, capacity 8213K, committed 8232K, reserved 1048576K

Card table byte_map: [0x0000000011860000,0x0000000011b70000] byte_map_base: 0x0000000011360000

Marking Bits: (ParMarkBitMap*) 0x00000000519c9f30
 Begin Bits: [0x0000000012170000, 0x0000000013970000)
 End Bits:   [0x0000000013970000, 0x0000000015170000)

Polling page: 0x0000000000b80000

CodeCache: size=245760Kb used=16753Kb max_used=16753Kb free=229006Kb
 bounds [0x00000000024a0000, 0x0000000003510000, 0x00000000114a0000]
 total_blobs=5599 nmethods=4816 adapters=695
 compilation: enabled

Compilation events (10 events):
Event: 10.225 Thread 0x0000000015e27000 5177       3       org.gradle.api.internal.CompositeDomainObjectSet::getStore (11 bytes)
Event: 10.225 Thread 0x0000000015e27000 nmethod 5177 0x00000000035010d0 code [0x0000000003501240, 0x0000000003501510]
Event: 10.226 Thread 0x0000000015e27000 5178       3       org.gradle.api.internal.collections.AbstractIterationOrderRetainingElementSource::realizePending (54 bytes)
Event: 10.226 Thread 0x0000000015e27000 nmethod 5178 0x00000000035015d0 code [0x0000000003501780, 0x0000000003501d78]
Event: 10.226 Thread 0x0000000015e27000 5179       1       org.gradle.api.internal.artifacts.ivyservice.resolveengine.graph.builder.NodeState::isVirtualPlatformNeedsRefresh (5 bytes)
Event: 10.226 Thread 0x0000000015e27000 nmethod 5179 0x0000000003501f50 code [0x00000000035020a0, 0x00000000035021b0]
Event: 10.226 Thread 0x0000000015e27000 5180       1       org.gradle.api.internal.artifacts.dependencies.DefaultResolvedVersionConstraint::getRejectedSelector (5 bytes)
Event: 10.227 Thread 0x0000000015e27000 nmethod 5180 0x0000000003502210 code [0x0000000003502360, 0x0000000003502470]
Event: 10.227 Thread 0x0000000015e27000 5181       1       org.gradle.api.internal.artifacts.dependencies.DefaultResolvedVersionConstraint::getPreferredSelector (5 bytes)
Event: 10.227 Thread 0x0000000015e27000 nmethod 5181 0x00000000035024d0 code [0x0000000003502620, 0x0000000003502730]

GC Heap History (10 events):
Event: 3.024 GC heap before
{Heap before GC invocations=7 (full 1):
 PSYoungGen      total 108032K, used 8280K [0x00000000e0000000, 0x00000000e7500000, 0x0000000100000000)
  eden space 97792K, 0% used [0x00000000e0000000,0x00000000e0000000,0x00000000e5f80000)
  from space 10240K, 80% used [0x00000000e6a00000,0x00000000e72161d0,0x00000000e7400000)
  to   space 10752K, 0% used [0x00000000e5f80000,0x00000000e5f80000,0x00000000e6a00000)
 ParOldGen       total 65536K, used 8612K [0x00000000a0000000, 0x00000000a4000000, 0x00000000e0000000)
  object space 65536K, 13% used [0x00000000a0000000,0x00000000a0869330,0x00000000a4000000)
 Metaspace       used 20689K, capacity 21158K, committed 21296K, reserved 1067008K
  class space    used 2954K, capacity 3123K, committed 3200K, reserved 1048576K
Event: 3.076 GC heap after
Heap after GC invocations=7 (full 1):
 PSYoungGen      total 108032K, used 0K [0x00000000e0000000, 0x00000000e7500000, 0x0000000100000000)
  eden space 97792K, 0% used [0x00000000e0000000,0x00000000e0000000,0x00000000e5f80000)
  from space 10240K, 0% used [0x00000000e6a00000,0x00000000e6a00000,0x00000000e7400000)
  to   space 10752K, 0% used [0x00000000e5f80000,0x00000000e5f80000,0x00000000e6a00000)
 ParOldGen       total 51200K, used 9733K [0x00000000a0000000, 0x00000000a3200000, 0x00000000e0000000)
  object space 51200K, 19% used [0x00000000a0000000,0x00000000a0981630,0x00000000a3200000)
 Metaspace       used 20689K, capacity 21158K, committed 21296K, reserved 1067008K
  class space    used 2954K, capacity 3123K, committed 3200K, reserved 1048576K
}
Event: 4.564 GC heap before
{Heap before GC invocations=8 (full 1):
 PSYoungGen      total 108032K, used 97792K [0x00000000e0000000, 0x00000000e7500000, 0x0000000100000000)
  eden space 97792K, 100% used [0x00000000e0000000,0x00000000e5f80000,0x00000000e5f80000)
  from space 10240K, 0% used [0x00000000e6a00000,0x00000000e6a00000,0x00000000e7400000)
  to   space 10752K, 0% used [0x00000000e5f80000,0x00000000e5f80000,0x00000000e6a00000)
 ParOldGen       total 51200K, used 9733K [0x00000000a0000000, 0x00000000a3200000, 0x00000000e0000000)
  object space 51200K, 19% used [0x00000000a0000000,0x00000000a0981630,0x00000000a3200000)
 Metaspace       used 30186K, capacity 30814K, committed 30976K, reserved 1075200K
  class space    used 4105K, capacity 4304K, committed 4352K, reserved 1048576K
Event: 4.576 GC heap after
Heap after GC invocations=8 (full 1):
 PSYoungGen      total 108544K, used 10394K [0x00000000e0000000, 0x00000000ea780000, 0x0000000100000000)
  eden space 97792K, 0% used [0x00000000e0000000,0x00000000e0000000,0x00000000e5f80000)
  from space 10752K, 96% used [0x00000000e5f80000,0x00000000e69a6a50,0x00000000e6a00000)
  to   space 12288K, 0% used [0x00000000e9b80000,0x00000000e9b80000,0x00000000ea780000)
 ParOldGen       total 51200K, used 9741K [0x00000000a0000000, 0x00000000a3200000, 0x00000000e0000000)
  object space 51200K, 19% used [0x00000000a0000000,0x00000000a0983630,0x00000000a3200000)
 Metaspace       used 30186K, capacity 30814K, committed 30976K, reserved 1075200K
  class space    used 4105K, capacity 4304K, committed 4352K, reserved 1048576K
}
Event: 5.819 GC heap before
{Heap before GC invocations=9 (full 1):
 PSYoungGen      total 108544K, used 100539K [0x00000000e0000000, 0x00000000ea780000, 0x0000000100000000)
  eden space 97792K, 92% used [0x00000000e0000000,0x00000000e58084b8,0x00000000e5f80000)
  from space 10752K, 96% used [0x00000000e5f80000,0x00000000e69a6a50,0x00000000e6a00000)
  to   space 12288K, 0% used [0x00000000e9b80000,0x00000000e9b80000,0x00000000ea780000)
 ParOldGen       total 51200K, used 9741K [0x00000000a0000000, 0x00000000a3200000, 0x00000000e0000000)
  object space 51200K, 19% used [0x00000000a0000000,0x00000000a0983630,0x00000000a3200000)
 Metaspace       used 34670K, capacity 35472K, committed 35496K, reserved 1079296K
  class space    used 4780K, capacity 5026K, committed 5032K, reserved 1048576K
Event: 5.841 GC heap after
Heap after GC invocations=9 (full 1):
 PSYoungGen      total 157184K, used 12269K [0x00000000e0000000, 0x00000000eab80000, 0x0000000100000000)
  eden space 144896K, 0% used [0x00000000e0000000,0x00000000e0000000,0x00000000e8d80000)
  from space 12288K, 99% used [0x00000000e9b80000,0x00000000ea77b6e0,0x00000000ea780000)
  to   space 14336K, 0% used [0x00000000e8d80000,0x00000000e8d80000,0x00000000e9b80000)
 ParOldGen       total 51200K, used 10034K [0x00000000a0000000, 0x00000000a3200000, 0x00000000e0000000)
  object space 51200K, 19% used [0x00000000a0000000,0x00000000a09cc988,0x00000000a3200000)
 Metaspace       used 34670K, capacity 35472K, committed 35496K, reserved 1079296K
  class space    used 4780K, capacity 5026K, committed 5032K, reserved 1048576K
}
Event: 5.841 GC heap before
{Heap before GC invocations=10 (full 2):
 PSYoungGen      total 157184K, used 12269K [0x00000000e0000000, 0x00000000eab80000, 0x0000000100000000)
  eden space 144896K, 0% used [0x00000000e0000000,0x00000000e0000000,0x00000000e8d80000)
  from space 12288K, 99% used [0x00000000e9b80000,0x00000000ea77b6e0,0x00000000ea780000)
  to   space 14336K, 0% used [0x00000000e8d80000,0x00000000e8d80000,0x00000000e9b80000)
 ParOldGen       total 51200K, used 10034K [0x00000000a0000000, 0x00000000a3200000, 0x00000000e0000000)
  object space 51200K, 19% used [0x00000000a0000000,0x00000000a09cc988,0x00000000a3200000)
 Metaspace       used 34670K, capacity 35472K, committed 35496K, reserved 1079296K
  class space    used 4780K, capacity 5026K, committed 5032K, reserved 1048576K
Event: 5.943 GC heap after
Heap after GC invocations=10 (full 2):
 PSYoungGen      total 157184K, used 0K [0x00000000e0000000, 0x00000000eab80000, 0x0000000100000000)
  eden space 144896K, 0% used [0x00000000e0000000,0x00000000e0000000,0x00000000e8d80000)
  from space 12288K, 0% used [0x00000000e9b80000,0x00000000e9b80000,0x00000000ea780000)
  to   space 14336K, 0% used [0x00000000e8d80000,0x00000000e8d80000,0x00000000e9b80000)
 ParOldGen       total 82944K, used 19311K [0x00000000a0000000, 0x00000000a5100000, 0x00000000e0000000)
  object space 82944K, 23% used [0x00000000a0000000,0x00000000a12dbe48,0x00000000a5100000)
 Metaspace       used 34659K, capacity 35436K, committed 35496K, reserved 1079296K
  class space    used 4777K, capacity 5020K, committed 5032K, reserved 1048576K
}
Event: 8.301 GC heap before
{Heap before GC invocations=11 (full 2):
 PSYoungGen      total 157184K, used 144896K [0x00000000e0000000, 0x00000000eab80000, 0x0000000100000000)
  eden space 144896K, 100% used [0x00000000e0000000,0x00000000e8d80000,0x00000000e8d80000)
  from space 12288K, 0% used [0x00000000e9b80000,0x00000000e9b80000,0x00000000ea780000)
  to   space 14336K, 0% used [0x00000000e8d80000,0x00000000e8d80000,0x00000000e9b80000)
 ParOldGen       total 82944K, used 19311K [0x00000000a0000000, 0x00000000a5100000, 0x00000000e0000000)
  object space 82944K, 23% used [0x00000000a0000000,0x00000000a12dbe48,0x00000000a5100000)
 Metaspace       used 48357K, capacity 49784K, committed 50088K, reserved 1091584K
  class space    used 6536K, capacity 6957K, committed 7080K, reserved 1048576K
Event: 8.339 GC heap after
Heap after GC invocations=11 (full 2):
 PSYoungGen      total 159232K, used 14317K [0x00000000e0000000, 0x00000000eab80000, 0x0000000100000000)
  eden space 144896K, 0% used [0x00000000e0000000,0x00000000e0000000,0x00000000e8d80000)
  from space 14336K, 99% used [0x00000000e8d80000,0x00000000e9b7b658,0x00000000e9b80000)
  to   space 12288K, 0% used [0x00000000e9b80000,0x00000000e9b80000,0x00000000ea780000)
 ParOldGen       total 82944K, used 23519K [0x00000000a0000000, 0x00000000a5100000, 0x00000000e0000000)
  object space 82944K, 28% used [0x00000000a0000000,0x00000000a16f7cc8,0x00000000a5100000)
 Metaspace       used 48357K, capacity 49784K, committed 50088K, reserved 1091584K
  class space    used 6536K, capacity 6957K, committed 7080K, reserved 1048576K
}

Deoptimization events (10 events):
Event: 7.843 Thread 0x000000001882a000 Uncommon trap: reason=unstable_if action=reinterpret pc=0x00000000030a0768 method=java.util.WeakHashMap.put(Ljava/lang/Object;Ljava/lang/Object;)Ljava/lang/Object; @ 59
Event: 8.287 Thread 0x000000001882a000 Uncommon trap: reason=unstable_if action=reinterpret pc=0x0000000002a4fc64 method=java.lang.String.lastIndexOf([CII[CIII)I @ 17
Event: 8.546 Thread 0x000000001882a000 Uncommon trap: reason=unstable_if action=reinterpret pc=0x0000000002a09d08 method=kotlin.reflect.jvm.internal.impl.protobuf.CodedInputStream.readRawVarint32()I @ 10
Event: 9.170 Thread 0x000000001882a000 Uncommon trap: reason=unstable_if action=reinterpret pc=0x0000000002f5a6bc method=java.io.WinNTFileSystem.normalize(Ljava/lang/String;)Ljava/lang/String; @ 74
Event: 9.934 Thread 0x000000001882a000 Uncommon trap: reason=class_check action=maybe_recompile pc=0x0000000002a52824 method=java.io.DataInputStream.readUnsignedShort()I @ 4
Event: 9.934 Thread 0x000000001882a000 Uncommon trap: reason=class_check action=maybe_recompile pc=0x0000000002a52824 method=java.io.DataInputStream.readUnsignedShort()I @ 4
Event: 9.934 Thread 0x000000001882a000 Uncommon trap: reason=class_check action=maybe_recompile pc=0x0000000002a52824 method=java.io.DataInputStream.readUnsignedShort()I @ 4
Event: 9.934 Thread 0x000000001882a000 Uncommon trap: reason=class_check action=maybe_recompile pc=0x0000000002a52824 method=java.io.DataInputStream.readUnsignedShort()I @ 4
Event: 10.052 Thread 0x000000001882a000 Uncommon trap: reason=unstable_if action=reinterpret pc=0x0000000002abfe28 method=java.util.regex.Pattern$BmpCharProperty.match(Ljava/util/regex/Matcher;ILjava/lang/CharSequence;)Z @ 34
Event: 10.062 Thread 0x000000001882a000 Uncommon trap: reason=unstable_if action=reinterpret pc=0x00000000034169f0 method=com.sun.org.apache.xerces.internal.impl.XMLEntityScanner.scanLiteral(ILcom/sun/org/apache/xerces/internal/xni/XMLString;Z)I @ 660

Classes redefined (0 events):
No events

Internal exceptions (10 events):
Event: 9.214 Thread 0x000000001882a000 Exception <a 'java/lang/ClassNotFoundException': org/gradle/invocation/DefaultGradleBeanInfo> (0x00000000e46aad68) thrown at [D:\src\AOSP-openjdk-cygwin\jdk8u\hotspot\src\share\vm\classfile\systemDictionary.cpp, line 210]
Event: 9.215 Thread 0x000000001882a000 Exception <a 'java/lang/ClassNotFoundException': org/gradle/invocation/DefaultGradleCustomizer> (0x00000000e46bf490) thrown at [D:\src\AOSP-openjdk-cygwin\jdk8u\hotspot\src\share\vm\classfile\systemDictionary.cpp, line 210]
Event: 9.217 Thread 0x000000001882a000 Exception <a 'java/lang/ClassNotFoundException': org/gradle/invocation/DefaultGradle_DecoratedCustomizer> (0x00000000e471a480) thrown at [D:\src\AOSP-openjdk-cygwin\jdk8u\hotspot\src\share\vm\classfile\systemDictionary.cpp, line 210]
Event: 9.437 Thread 0x000000001882a000 Exception <a 'java/lang/NoSuchMethodError': java.lang.Object.lambda$static$0(Ljava/util/Set;Ljava/util/Set;)Z> (0x00000000e5193130) thrown at [D:\src\AOSP-openjdk-cygwin\jdk8u\hotspot\src\share\vm\interpreter\linkResolver.cpp, line 620]
Event: 9.437 Thread 0x000000001882a000 Exception <a 'java/lang/NoSuchMethodError': java.lang.Object.lambda$static$1(Ljava/util/Set;Ljava/util/Set;)Z> (0x00000000e51960a0) thrown at [D:\src\AOSP-openjdk-cygwin\jdk8u\hotspot\src\share\vm\interpreter\linkResolver.cpp, line 620]
Event: 9.438 Thread 0x000000001882a000 Exception <a 'java/lang/NoSuchMethodError': java.lang.Object.lambda$static$2(Ljava/util/Set;Ljava/util/Set;)Z> (0x00000000e5198be0) thrown at [D:\src\AOSP-openjdk-cygwin\jdk8u\hotspot\src\share\vm\interpreter\linkResolver.cpp, line 620]
Event: 9.438 Thread 0x000000001882a000 Exception <a 'java/lang/NoSuchMethodError': java.lang.Object.lambda$static$3(Ljava/util/Set;Ljava/util/Set;)Z> (0x00000000e519b720) thrown at [D:\src\AOSP-openjdk-cygwin\jdk8u\hotspot\src\share\vm\interpreter\linkResolver.cpp, line 620]
Event: 9.438 Thread 0x000000001882a000 Exception <a 'java/lang/NoSuchMethodError': java.lang.Object.lambda$static$4(Ljava/util/Set;Ljava/util/Set;)Z> (0x00000000e519e260) thrown at [D:\src\AOSP-openjdk-cygwin\jdk8u\hotspot\src\share\vm\interpreter\linkResolver.cpp, line 620]
Event: 9.662 Thread 0x000000001882a000 Exception <a 'java/lang/ClassNotFoundException': com/sun/org/glassfish/hk2/osgiresourcelocator/ServiceLoader> (0x00000000e59c3568) thrown at [D:\src\AOSP-openjdk-cygwin\jdk8u\hotspot\src\share\vm\classfile\systemDictionary.cpp, line 210]
Event: 9.717 Thread 0x000000001882a000 Exception <a 'java/lang/NullPointerException'> (0x00000000e5ea15d0) thrown at [D:\src\AOSP-openjdk-cygwin\jdk8u\hotspot\src\share\vm\interpreter\linkResolver.cpp, line 1287]

Events (10 events):
Event: 10.216 loading class org/gradle/api/internal/artifacts/transform/TransformationNode$ChainedTransformationNode
Event: 10.216 loading class org/gradle/api/internal/artifacts/transform/TransformationNode$ChainedTransformationNode done
Event: 10.218 loading class org/gradle/api/internal/file/CompositeFileCollection$1
Event: 10.218 loading class org/gradle/api/internal/file/CompositeFileCollection$1 done
Event: 10.219 loading class org/gradle/api/internal/file/CompositeFileTree$3
Event: 10.219 loading class org/gradle/api/internal/file/CompositeFileTree$3 done
Event: 10.220 loading class org/gradle/api/internal/file/CompositeFileTree$FilteredFileTree
Event: 10.220 loading class org/gradle/api/internal/file/CompositeFileTree$FilteredFileTree done
Event: 10.225 loading class org/gradle/api/internal/artifacts/ivyservice/moduleconverter/dependencies/DefaultLocalConfigurationMetadataBuilder$DefaultLocalFileDependencyMetadata
Event: 10.225 loading class org/gradle/api/internal/artifacts/ivyservice/moduleconverter/dependencies/DefaultLocalConfigurationMetadataBuilder$DefaultLocalFileDependencyMetadata done


Dynamic libraries:
0x00007ff6006c0000 - 0x00007ff6006f1000 	C:\Program Files\Android\Android Studio\jre\bin\java.exe
0x00007ff842c40000 - 0x00007ff842e30000 	C:\Windows\SYSTEM32\ntdll.dll
0x00007ff841590000 - 0x00007ff841642000 	C:\Windows\System32\KERNEL32.DLL
0x00007ff8407e0000 - 0x00007ff840a83000 	C:\Windows\System32\KERNELBASE.dll
0x00007ff841f40000 - 0x00007ff841fe3000 	C:\Windows\System32\ADVAPI32.dll
0x00007ff841330000 - 0x00007ff8413ce000 	C:\Windows\System32\msvcrt.dll
0x00007ff841d70000 - 0x00007ff841e07000 	C:\Windows\System32\sechost.dll
0x00007ff841ff0000 - 0x00007ff842110000 	C:\Windows\System32\RPCRT4.dll
0x00007ff8413e0000 - 0x00007ff841574000 	C:\Windows\System32\USER32.dll
0x00007ff83ffd0000 - 0x00007ff83fff1000 	C:\Windows\System32\win32u.dll
0x00007ff841e40000 - 0x00007ff841e66000 	C:\Windows\System32\GDI32.dll
0x00007ff83fc10000 - 0x00007ff83fda4000 	C:\Windows\System32\gdi32full.dll
0x00007ff840be0000 - 0x00007ff840c7e000 	C:\Windows\System32\msvcp_win.dll
0x00007ff83fe80000 - 0x00007ff83ff7a000 	C:\Windows\System32\ucrtbase.dll
0x00007ff832b30000 - 0x00007ff832db5000 	C:\Windows\WinSxS\amd64_microsoft.windows.common-controls_6595b64144ccf1df_6.0.18362.535_none_e6c3b34713100821\COMCTL32.dll
0x00007ff842900000 - 0x00007ff842c36000 	C:\Windows\System32\combase.dll
0x00007ff83fdd0000 - 0x00007ff83fe50000 	C:\Windows\System32\bcryptPrimitives.dll
0x00007ff841e10000 - 0x00007ff841e3e000 	C:\Windows\System32\IMM32.DLL
0x0000000051120000 - 0x00000000511f2000 	C:\Program Files\Android\Android Studio\jre\jre\bin\msvcr100.dll
0x0000000051200000 - 0x0000000051a46000 	C:\Program Files\Android\Android Studio\jre\jre\bin\server\jvm.dll
0x00007ff841650000 - 0x00007ff841658000 	C:\Windows\System32\PSAPI.DLL
0x00007ff832670000 - 0x00007ff83267a000 	C:\Windows\SYSTEM32\VERSION.dll
0x00007ff83d780000 - 0x00007ff83d7a4000 	C:\Windows\SYSTEM32\WINMM.dll
0x00007ff837700000 - 0x00007ff837709000 	C:\Windows\SYSTEM32\WSOCK32.dll
0x00007ff841ed0000 - 0x00007ff841f3f000 	C:\Windows\System32\WS2_32.dll
0x00007ff83d730000 - 0x00007ff83d75d000 	C:\Windows\SYSTEM32\winmmbase.dll
0x00007ff83ff80000 - 0x00007ff83ffca000 	C:\Windows\System32\cfgmgr32.dll
0x00007ff8373d0000 - 0x00007ff8373df000 	C:\Program Files\Android\Android Studio\jre\jre\bin\verify.dll
0x00007ff8373a0000 - 0x00007ff8373c9000 	C:\Program Files\Android\Android Studio\jre\jre\bin\java.dll
0x00007ff837380000 - 0x00007ff837396000 	C:\Program Files\Android\Android Studio\jre\jre\bin\zip.dll
0x00007ff841660000 - 0x00007ff841d45000 	C:\Windows\System32\SHELL32.dll
0x00007ff840d30000 - 0x00007ff840dd9000 	C:\Windows\System32\shcore.dll
0x00007ff840000000 - 0x00007ff84077f000 	C:\Windows\System32\windows.storage.dll
0x00007ff83fb60000 - 0x00007ff83fb7f000 	C:\Windows\System32\profapi.dll
0x00007ff83fba0000 - 0x00007ff83fbea000 	C:\Windows\System32\powrprof.dll
0x00007ff83fb50000 - 0x00007ff83fb60000 	C:\Windows\System32\UMPDC.dll
0x00007ff840de0000 - 0x00007ff840e32000 	C:\Windows\System32\shlwapi.dll
0x00007ff83fb80000 - 0x00007ff83fb91000 	C:\Windows\System32\kernel.appcore.dll
0x00007ff83fdb0000 - 0x00007ff83fdc7000 	C:\Windows\System32\cryptsp.dll
0x00007ff837360000 - 0x00007ff83737a000 	C:\Program Files\Android\Android Studio\jre\jre\bin\net.dll
0x00007ff83f360000 - 0x00007ff83f3c7000 	C:\Windows\system32\mswsock.dll
0x00007ff837340000 - 0x00007ff837351000 	C:\Program Files\Android\Android Studio\jre\jre\bin\nio.dll
0x00007ff8219a0000 - 0x00007ff8219c6000 	C:\Users\HP_PC\.gradle\native\29\windows-amd64\native-platform.dll
0x00007ff837330000 - 0x00007ff83733d000 	C:\Program Files\Android\Android Studio\jre\jre\bin\management.dll
0x00007ff83eed0000 - 0x00007ff83ef03000 	C:\Windows\system32\rsaenh.dll
0x00007ff83fe50000 - 0x00007ff83fe76000 	C:\Windows\System32\bcrypt.dll
0x00007ff83fa40000 - 0x00007ff83fa65000 	C:\Windows\SYSTEM32\USERENV.dll
0x00007ff83f530000 - 0x00007ff83f53c000 	C:\Windows\SYSTEM32\CRYPTBASE.dll
0x00007ff83f070000 - 0x00007ff83f0aa000 	C:\Windows\SYSTEM32\IPHLPAPI.DLL
0x00007ff841580000 - 0x00007ff841588000 	C:\Windows\System32\NSI.dll
0x00007ff83a9e0000 - 0x00007ff83a9f6000 	C:\Windows\SYSTEM32\dhcpcsvc6.DLL
0x00007ff83b2c0000 - 0x00007ff83b2dc000 	C:\Windows\SYSTEM32\dhcpcsvc.DLL
0x00007ff83f0b0000 - 0x00007ff83f17a000 	C:\Windows\SYSTEM32\DNSAPI.dll

VM Arguments:
jvm_args: -Xmx1536m -Dfile.encoding=windows-1251 -Duser.country=UA -Duser.language=uk -Duser.variant 
java_command: org.gradle.launcher.daemon.bootstrap.GradleDaemon 5.4.1
java_class_path (initial): C:\Users\HP_PC\.gradle\wrapper\dists\gradle-5.4.1-all\3221gyojl5jsh0helicew7rwx\gradle-5.4.1\lib\gradle-launcher-5.4.1.jar
Launcher Type: SUN_STANDARD

Environment Variables:
PATH=C:\Windows\system32;C:\Windows;C:\Windows\System32\Wbem;C:\Windows\System32\WindowsPowerShell\v1.0\;C:\Program Files (x86)\Common Files\Acronis\SnapAPI\;C:\Program Files\Git\cmd;C:\Users\HP_PC\AppData\Local\Microsoft\WindowsApps;
USERNAME=HP_PC
OS=Windows_NT
PROCESSOR_IDENTIFIER=Intel64 Family 6 Model 58 Stepping 9, GenuineIntel



---------------  S Y S T E M  ---------------

OS: Windows 10.0 , 64 bit Build 18362 (10.0.18362.329)

CPU:total 4 (initial active 4) (2 cores per cpu, 2 threads per core) family 6 model 58 stepping 9, cmov, cx8, fxsr, mmx, sse, sse2, sse3, ssse3, sse4.1, sse4.2, popcnt, avx, aes, clmul, erms, ht, tsc, tscinvbit, tscinv

Memory: 4k page, physical 6191464k(272256k free), swap 6191464k(6592k free)

vm_info: OpenJDK 64-Bit Server VM (25.202-b03) for windows-amd64 JRE (1.8.0_202-release-1483-b03), built by "builder" with MS VC++ 10.0 (VS2010)

time: Tue Feb 18 00:21:42 2020
timezone: Фінляндія (зима)
elapsed time: 10 seconds (0d 0h 0m 10s)

