#
# There is insufficient memory for the Java Runtime Environment to continue.
# Native memory allocation (malloc) failed to allocate 32744 bytes for ChunkPool::allocate
# Possible reasons:
#   The system is out of physical RAM or swap space
#   The process is running with CompressedOops enabled, and the Java Heap may be blocking the growth of the native heap
# Possible solutions:
#   Reduce memory load on the system
#   Increase physical memory or swap space
#   Check if swap backing store is full
#   Decrease Java heap size (-Xmx/-Xms)
#   Decrease number of Java threads
#   Decrease Java thread stack sizes (-Xss)
#   Set larger code cache with -XX:ReservedCodeCacheSize=
#   JVM is running with Unscaled Compressed Oops mode in which the Java heap is
#     placed in the first 4GB address space. The Java Heap base address is the
#     maximum limit for the native heap growth. Please use -XX:HeapBaseMinAddress
#     to set the Java Heap base and to place the Java Heap above 4GB virtual address.
# This output file may be truncated or incomplete.
#
#  Out of Memory Error (allocation.cpp:272), pid=5840, tid=0x0000000000001840
#
# JRE version: OpenJDK Runtime Environment (8.0_202-b03) (build 1.8.0_202-release-1483-b03)
# Java VM: OpenJDK 64-Bit Server VM (25.202-b03 mixed mode windows-amd64 compressed oops)
# Failed to write core dump. Minidumps are not enabled by default on client versions of Windows
#

---------------  T H R E A D  ---------------

Current thread (0x0000000016c56000):  JavaThread "C1 CompilerThread2" daemon [_thread_in_native, id=6208, stack(0x0000000018490000,0x0000000018590000)]

Stack: [0x0000000018490000,0x0000000018590000]
[error occurred during error reporting (printing stack bounds), id 0xc0000005]

Native frames: (J=compiled Java code, j=interpreted, Vv=VM code, C=native code)


Current CompileTask:
C1:  60505 3634  s    3       java.io.ByteArrayOutputStream::write (66 bytes)


---------------  P R O C E S S  ---------------

Java Threads: ( => current thread )
  0x0000000019ea0800 JavaThread "Cache worker for Build Output Cleanup Cache (C:\Users\HP_PC\AndroidStudioProjects\PNU_APP\.gradle\buildOutputCleanup)" [_thread_blocked, id=5164, stack(0x0000000021d60000,0x0000000021e60000)]
  0x0000000019e9b000 JavaThread "pool-1-thread-1" [_thread_blocked, id=840, stack(0x0000000021a60000,0x0000000021b60000)]
  0x0000000019e9f800 JavaThread "Build operations Thread 4" [_thread_blocked, id=3236, stack(0x00000000200c0000,0x00000000201c0000)]
  0x0000000019ea2000 JavaThread "Build operations Thread 3" [_thread_blocked, id=204, stack(0x000000001ec20000,0x000000001ed20000)]
  0x0000000019ea1000 JavaThread "Build operations Thread 2" [_thread_blocked, id=436, stack(0x000000001eb20000,0x000000001ec20000)]
  0x0000000019e9e000 JavaThread "Build operations" [_thread_blocked, id=5688, stack(0x000000001ea20000,0x000000001eb20000)]
  0x0000000019e9d800 JavaThread "Cache worker for execution history cache (C:\Users\HP_PC\.gradle\caches\5.4.1\executionHistory)" [_thread_blocked, id=116, stack(0x000000001ffc0000,0x00000000200c0000)]
  0x0000000019e9c800 JavaThread "Cache worker for cache directory md-rule (C:\Users\HP_PC\.gradle\caches\5.4.1\md-rule)" [_thread_blocked, id=4756, stack(0x000000001eef0000,0x000000001eff0000)]
  0x0000000019e9c000 JavaThread "Cache worker for cache directory md-supplier (C:\Users\HP_PC\.gradle\caches\5.4.1\md-supplier)" [_thread_blocked, id=3144, stack(0x000000001edf0000,0x000000001eef0000)]
  0x0000000019862800 JavaThread "Cache worker for file hash cache (C:\Users\HP_PC\AndroidStudioProjects\PNU_APP\.gradle\5.4.1\fileHashes)" [_thread_blocked, id=228, stack(0x000000001ccb0000,0x000000001cdb0000)]
  0x0000000019862000 JavaThread "Cache worker for journal cache (C:\Users\HP_PC\.gradle\caches\journal-1)" [_thread_blocked, id=6684, stack(0x000000001b7e0000,0x000000001b8e0000)]
  0x000000001985f000 JavaThread "File lock request listener" [_thread_in_native, id=5892, stack(0x000000001b6e0000,0x000000001b7e0000)]
  0x000000001985f800 JavaThread "Cache worker for file hash cache (C:\Users\HP_PC\.gradle\caches\5.4.1\fileHashes)" [_thread_blocked, id=1324, stack(0x000000001b5e0000,0x000000001b6e0000)]
  0x00000000186c1800 JavaThread "Thread-9" [_thread_blocked, id=5768, stack(0x000000001b4e0000,0x000000001b5e0000)]
  0x00000000186bc000 JavaThread "Stdin handler" [_thread_blocked, id=5444, stack(0x000000001b3e0000,0x000000001b4e0000)]
  0x0000000018fc1000 JavaThread "Asynchronous log dispatcher for DefaultDaemonConnection: socket connection from /127.0.0.1:50453 to /127.0.0.1:50454" [_thread_blocked, id=3044, stack(0x000000001b2e0000,0x000000001b3e0000)]
  0x0000000018fbd000 JavaThread "Daemon worker" [_thread_in_native, id=6024, stack(0x000000001b1e0000,0x000000001b2e0000)]
  0x00000000193c4800 JavaThread "Cancel handler" [_thread_blocked, id=300, stack(0x000000001b0e0000,0x000000001b1e0000)]
  0x0000000019188000 JavaThread "Handler for socket connection from /127.0.0.1:50453 to /127.0.0.1:50454" [_thread_in_native, id=6492, stack(0x000000001ade0000,0x000000001aee0000)]
  0x0000000019187000 JavaThread "Daemon" [_thread_blocked, id=2512, stack(0x000000001ace0000,0x000000001ade0000)]
  0x0000000018eb9800 JavaThread "Daemon periodic checks" [_thread_blocked, id=4104, stack(0x000000001abe0000,0x000000001ace0000)]
  0x000000001875e800 JavaThread "Incoming local TCP Connector on port 50453" [_thread_in_native, id=3724, stack(0x000000001a9a0000,0x000000001aaa0000)]
  0x0000000019de7800 JavaThread "Daemon health stats" [_thread_blocked, id=5608, stack(0x000000001a360000,0x000000001a460000)]
  0x00000000185b2800 JavaThread "Service Thread" daemon [_thread_blocked, id=2068, stack(0x0000000018990000,0x0000000018a90000)]
=>0x0000000016c56000 JavaThread "C1 CompilerThread2" daemon [_thread_in_native, id=6208, stack(0x0000000018490000,0x0000000018590000)]
  0x0000000016c4c800 JavaThread "C2 CompilerThread1" daemon [_thread_in_native, id=1892, stack(0x0000000018390000,0x0000000018490000)]
  0x0000000016c46800 JavaThread "C2 CompilerThread0" daemon [_thread_in_native, id=3564, stack(0x0000000018290000,0x0000000018390000)]
  0x0000000016c44800 JavaThread "Attach Listener" daemon [_thread_blocked, id=6304, stack(0x0000000018190000,0x0000000018290000)]
  0x0000000016c43000 JavaThread "Signal Dispatcher" daemon [_thread_blocked, id=5184, stack(0x0000000018090000,0x0000000018190000)]
  0x00000000032ca800 JavaThread "Finalizer" daemon [_thread_blocked, id=476, stack(0x0000000017e90000,0x0000000017f90000)]
  0x0000000016c29000 JavaThread "Reference Handler" daemon [_thread_blocked, id=5696, stack(0x0000000017d90000,0x0000000017e90000)]
  0x00000000031bd800 JavaThread "main" [_thread_blocked, id=6984, stack(0x0000000003030000,0x0000000003130000)]

Other Threads:
  0x0000000016c05800 VMThread [stack: 0x0000000017c90000,0x0000000017d90000] [id=1084]
  0x0000000016c57000 WatcherThread [stack: 0x0000000018a90000,0x0000000018b90000] [id=4516]

VM state:not at safepoint (normal execution)

VM Mutex/Monitor currently owned by a thread: None

heap address: 0x00000000a0000000, size: 1536 MB, Compressed Oops mode: 32-bit
Narrow klass base: 0x0000000000000000, Narrow klass shift: 3
Compressed class space size: 1073741824 Address: 0x0000000100000000

Heap:
 PSYoungGen      total 59904K, used 11260K [0x00000000e0000000, 0x00000000e5180000, 0x0000000100000000)
  eden space 51712K, 7% used [0x00000000e0000000,0x00000000e03f5a80,0x00000000e3280000)
  from space 8192K, 87% used [0x00000000e3280000,0x00000000e39897d0,0x00000000e3a80000)
  to   space 9216K, 0% used [0x00000000e4880000,0x00000000e4880000,0x00000000e5180000)
 ParOldGen       total 51200K, used 15737K [0x00000000a0000000, 0x00000000a3200000, 0x00000000e0000000)
  object space 51200K, 30% used [0x00000000a0000000,0x00000000a0f5e720,0x00000000a3200000)
 Metaspace       used 42242K, capacity 43230K, committed 43432K, reserved 1087488K
  class space    used 5734K, capacity 6029K, committed 6056K, reserved 1048576K

Card table byte_map: [0x0000000012690000,0x00000000129a0000] byte_map_base: 0x0000000012190000

Marking Bits: (ParMarkBitMap*) 0x0000000062589f30
 Begin Bits: [0x0000000012fa0000, 0x00000000147a0000)
 End Bits:   [0x00000000147a0000, 0x0000000015fa0000)

Polling page: 0x0000000001820000

CodeCache: size=245760Kb used=11331Kb max_used=11343Kb free=234428Kb
 bounds [0x00000000032d0000, 0x0000000003df0000, 0x00000000122d0000]
 total_blobs=4064 nmethods=3326 adapters=650
 compilation: enabled

Compilation events (10 events):
Event: 60.411 Thread 0x0000000016c56000 nmethod 3628 0x0000000003de3090 code [0x0000000003de3220, 0x0000000003de35a8]
Event: 60.413 Thread 0x0000000016c4c800 3629   !   4       java.util.jar.Attributes::read (380 bytes)
Event: 60.413 Thread 0x0000000016c46800 3630       4       java.lang.String::checkBounds (46 bytes)
Event: 60.414 Thread 0x0000000016c46800 nmethod 3630 0x0000000003dde010 code [0x0000000003dde140, 0x0000000003dde1f8]
Event: 60.414 Thread 0x0000000016c46800 3631       4       java.lang.ThreadLocal$ThreadLocalMap::getEntry (42 bytes)
Event: 60.416 Thread 0x0000000016c56000 3634  s    3       java.io.ByteArrayOutputStream::write (66 bytes)
Event: 60.417 Thread 0x0000000016c46800 nmethod 3631 0x0000000003de2b90 code [0x0000000003de2ce0, 0x0000000003de2e78]
Event: 60.417 Thread 0x0000000016c46800 3632       4       java.util.jar.Attributes$Name::isValid (45 bytes)
Event: 60.423 Thread 0x0000000016c46800 nmethod 3632 0x0000000003de6550 code [0x0000000003de66a0, 0x0000000003de69d8]
Event: 60.423 Thread 0x0000000016c46800 3633       4       java.util.jar.Manifest$FastInputStream::readLine (9 bytes)

GC Heap History (10 events):
Event: 34.067 GC heap before
{Heap before GC invocations=15 (full 1):
 PSYoungGen      total 30208K, used 23098K [0x00000000e0000000, 0x00000000e3200000, 0x0000000100000000)
  eden space 21504K, 100% used [0x00000000e0000000,0x00000000e1500000,0x00000000e1500000)
  from space 8704K, 18% used [0x00000000e1500000,0x00000000e168e848,0x00000000e1d80000)
  to   space 8704K, 0% used [0x00000000e2980000,0x00000000e2980000,0x00000000e3200000)
 ParOldGen       total 35328K, used 12214K [0x00000000a0000000, 0x00000000a2280000, 0x00000000e0000000)
  object space 35328K, 34% used [0x00000000a0000000,0x00000000a0bed808,0x00000000a2280000)
 Metaspace       used 32128K, capacity 32666K, committed 32896K, reserved 1077248K
  class space    used 4439K, capacity 4624K, committed 4736K, reserved 1048576K
Event: 34.073 GC heap after
Heap after GC invocations=15 (full 1):
 PSYoungGen      total 42496K, used 1836K [0x00000000e0000000, 0x00000000e3200000, 0x0000000100000000)
  eden space 33792K, 0% used [0x00000000e0000000,0x00000000e0000000,0x00000000e2100000)
  from space 8704K, 21% used [0x00000000e2980000,0x00000000e2b4b078,0x00000000e3200000)
  to   space 8704K, 0% used [0x00000000e2100000,0x00000000e2100000,0x00000000e2980000)
 ParOldGen       total 35328K, used 12804K [0x00000000a0000000, 0x00000000a2280000, 0x00000000e0000000)
  object space 35328K, 36% used [0x00000000a0000000,0x00000000a0c813b8,0x00000000a2280000)
 Metaspace       used 32128K, capacity 32666K, committed 32896K, reserved 1077248K
  class space    used 4439K, capacity 4624K, committed 4736K, reserved 1048576K
}
Event: 35.197 GC heap before
{Heap before GC invocations=16 (full 1):
 PSYoungGen      total 42496K, used 35628K [0x00000000e0000000, 0x00000000e3200000, 0x0000000100000000)
  eden space 33792K, 100% used [0x00000000e0000000,0x00000000e2100000,0x00000000e2100000)
  from space 8704K, 21% used [0x00000000e2980000,0x00000000e2b4b078,0x00000000e3200000)
  to   space 8704K, 0% used [0x00000000e2100000,0x00000000e2100000,0x00000000e2980000)
 ParOldGen       total 35328K, used 12804K [0x00000000a0000000, 0x00000000a2280000, 0x00000000e0000000)
  object space 35328K, 36% used [0x00000000a0000000,0x00000000a0c813b8,0x00000000a2280000)
 Metaspace       used 34012K, capacity 34724K, committed 34944K, reserved 1079296K
  class space    used 4691K, capacity 4911K, committed 4992K, reserved 1048576K
Event: 35.204 GC heap after
Heap after GC invocations=16 (full 1):
 PSYoungGen      total 42496K, used 2724K [0x00000000e0000000, 0x00000000e4400000, 0x0000000100000000)
  eden space 33792K, 0% used [0x00000000e0000000,0x00000000e0000000,0x00000000e2100000)
  from space 8704K, 31% used [0x00000000e2100000,0x00000000e23a90c8,0x00000000e2980000)
  to   space 8704K, 0% used [0x00000000e3b80000,0x00000000e3b80000,0x00000000e4400000)
 ParOldGen       total 35328K, used 13372K [0x00000000a0000000, 0x00000000a2280000, 0x00000000e0000000)
  object space 35328K, 37% used [0x00000000a0000000,0x00000000a0d0f3c8,0x00000000a2280000)
 Metaspace       used 34012K, capacity 34724K, committed 34944K, reserved 1079296K
  class space    used 4691K, capacity 4911K, committed 4992K, reserved 1048576K
}
Event: 37.942 GC heap before
{Heap before GC invocations=17 (full 1):
 PSYoungGen      total 42496K, used 19449K [0x00000000e0000000, 0x00000000e4400000, 0x0000000100000000)
  eden space 33792K, 49% used [0x00000000e0000000,0x00000000e10553a0,0x00000000e2100000)
  from space 8704K, 31% used [0x00000000e2100000,0x00000000e23a90c8,0x00000000e2980000)
  to   space 8704K, 0% used [0x00000000e3b80000,0x00000000e3b80000,0x00000000e4400000)
 ParOldGen       total 35328K, used 13372K [0x00000000a0000000, 0x00000000a2280000, 0x00000000e0000000)
  object space 35328K, 37% used [0x00000000a0000000,0x00000000a0d0f3c8,0x00000000a2280000)
 Metaspace       used 34605K, capacity 35426K, committed 35496K, reserved 1079296K
  class space    used 4780K, capacity 5016K, committed 5032K, reserved 1048576K
Event: 37.948 GC heap after
Heap after GC invocations=17 (full 1):
 PSYoungGen      total 58880K, used 2355K [0x00000000e0000000, 0x00000000e4280000, 0x0000000100000000)
  eden space 51712K, 0% used [0x00000000e0000000,0x00000000e0000000,0x00000000e3280000)
  from space 7168K, 32% used [0x00000000e3b80000,0x00000000e3dccdf0,0x00000000e4280000)
  to   space 8192K, 0% used [0x00000000e3280000,0x00000000e3280000,0x00000000e3a80000)
 ParOldGen       total 35328K, used 14331K [0x00000000a0000000, 0x00000000a2280000, 0x00000000e0000000)
  object space 35328K, 40% used [0x00000000a0000000,0x00000000a0dfec48,0x00000000a2280000)
 Metaspace       used 34605K, capacity 35426K, committed 35496K, reserved 1079296K
  class space    used 4780K, capacity 5016K, committed 5032K, reserved 1048576K
}
Event: 37.948 GC heap before
{Heap before GC invocations=18 (full 2):
 PSYoungGen      total 58880K, used 2355K [0x00000000e0000000, 0x00000000e4280000, 0x0000000100000000)
  eden space 51712K, 0% used [0x00000000e0000000,0x00000000e0000000,0x00000000e3280000)
  from space 7168K, 32% used [0x00000000e3b80000,0x00000000e3dccdf0,0x00000000e4280000)
  to   space 8192K, 0% used [0x00000000e3280000,0x00000000e3280000,0x00000000e3a80000)
 ParOldGen       total 35328K, used 14331K [0x00000000a0000000, 0x00000000a2280000, 0x00000000e0000000)
  object space 35328K, 40% used [0x00000000a0000000,0x00000000a0dfec48,0x00000000a2280000)
 Metaspace       used 34605K, capacity 35426K, committed 35496K, reserved 1079296K
  class space    used 4780K, capacity 5016K, committed 5032K, reserved 1048576K
Event: 38.052 GC heap after
Heap after GC invocations=18 (full 2):
 PSYoungGen      total 58880K, used 0K [0x00000000e0000000, 0x00000000e4280000, 0x0000000100000000)
  eden space 51712K, 0% used [0x00000000e0000000,0x00000000e0000000,0x00000000e3280000)
  from space 7168K, 0% used [0x00000000e3b80000,0x00000000e3b80000,0x00000000e4280000)
  to   space 8192K, 0% used [0x00000000e3280000,0x00000000e3280000,0x00000000e3a80000)
 ParOldGen       total 51200K, used 15729K [0x00000000a0000000, 0x00000000a3200000, 0x00000000e0000000)
  object space 51200K, 30% used [0x00000000a0000000,0x00000000a0f5c720,0x00000000a3200000)
 Metaspace       used 34600K, capacity 35408K, committed 35496K, reserved 1079296K
  class space    used 4779K, capacity 5013K, committed 5032K, reserved 1048576K
}
Event: 55.929 GC heap before
{Heap before GC invocations=19 (full 2):
 PSYoungGen      total 58880K, used 51712K [0x00000000e0000000, 0x00000000e4280000, 0x0000000100000000)
  eden space 51712K, 100% used [0x00000000e0000000,0x00000000e3280000,0x00000000e3280000)
  from space 7168K, 0% used [0x00000000e3b80000,0x00000000e3b80000,0x00000000e4280000)
  to   space 8192K, 0% used [0x00000000e3280000,0x00000000e3280000,0x00000000e3a80000)
 ParOldGen       total 51200K, used 15729K [0x00000000a0000000, 0x00000000a3200000, 0x00000000e0000000)
  object space 51200K, 30% used [0x00000000a0000000,0x00000000a0f5c720,0x00000000a3200000)
 Metaspace       used 41581K, capacity 42590K, committed 42920K, reserved 1085440K
  class space    used 5663K, capacity 5965K, committed 6056K, reserved 1048576K
Event: 55.937 GC heap after
Heap after GC invocations=19 (full 2):
 PSYoungGen      total 59904K, used 7205K [0x00000000e0000000, 0x00000000e5180000, 0x0000000100000000)
  eden space 51712K, 0% used [0x00000000e0000000,0x00000000e0000000,0x00000000e3280000)
  from space 8192K, 87% used [0x00000000e3280000,0x00000000e39897d0,0x00000000e3a80000)
  to   space 9216K, 0% used [0x00000000e4880000,0x00000000e4880000,0x00000000e5180000)
 ParOldGen       total 51200K, used 15737K [0x00000000a0000000, 0x00000000a3200000, 0x00000000e0000000)
  object space 51200K, 30% used [0x00000000a0000000,0x00000000a0f5e720,0x00000000a3200000)
 Metaspace       used 41581K, capacity 42590K, committed 42920K, reserved 1085440K
  class space    used 5663K, capacity 5965K, committed 6056K, reserved 1048576K
}

Deoptimization events (10 events):
Event: 35.196 Thread 0x0000000018fbd000 Uncommon trap: reason=class_check action=maybe_recompile pc=0x00000000035b1f20 method=java.util.concurrent.ConcurrentHashMap.putVal(Ljava/lang/Object;Ljava/lang/Object;Z)Ljava/lang/Object; @ 192
Event: 37.818 Thread 0x0000000018fbd000 Uncommon trap: reason=range_check action=make_not_entrant pc=0x0000000003b89a34 method=java.lang.String.charAt(I)C @ 27
Event: 39.167 Thread 0x0000000018fbd000 Uncommon trap: reason=unstable_if action=reinterpret pc=0x0000000003821ff8 method=java.io.BufferedInputStream.read([BII)I @ 56
Event: 39.179 Thread 0x0000000018fbd000 Uncommon trap: reason=unstable_if action=reinterpret pc=0x0000000003437d10 method=java.util.regex.Pattern.has(I)Z @ 6
Event: 41.045 Thread 0x0000000018fbd000 Uncommon trap: reason=predicate action=maybe_recompile pc=0x0000000003555810 method=java.util.Arrays.binarySearch0([Ljava/lang/Object;IILjava/lang/Object;Ljava/util/Comparator;)I @ 28
Event: 43.297 Thread 0x0000000018fbd000 Uncommon trap: reason=unstable_if action=reinterpret pc=0x0000000003cb38a4 method=java.security.CodeSource.hashCode()I @ 4
Event: 56.206 Thread 0x0000000018fbd000 Uncommon trap: reason=unstable_if action=reinterpret pc=0x0000000003b4bd44 method=java.util.jar.JarFile.maybeInstantiateVerifier()V @ 75
Event: 56.207 Thread 0x0000000018fbd000 Uncommon trap: reason=unstable_if action=reinterpret pc=0x00000000037ae6cc method=java.util.jar.Attributes$Name.isDigit(C)Z @ 3
Event: 56.414 Thread 0x0000000018fbd000 Uncommon trap: reason=unstable_if action=reinterpret pc=0x0000000003ce63f0 method=java.lang.ThreadLocal.get()Ljava/lang/Object; @ 11
Event: 58.035 Thread 0x0000000018fbd000 Uncommon trap: reason=unstable_if action=reinterpret pc=0x0000000003489270 method=java.util.HashMap.putVal(ILjava/lang/Object;Ljava/lang/Object;ZZ)Ljava/lang/Object; @ 236

Classes redefined (0 events):
No events

Internal exceptions (10 events):
Event: 37.858 Thread 0x0000000018fbd000 Exception <a 'java/lang/ClassNotFoundException': org/gradle/api/internal/ConventionTaskCustomizer> (0x00000000e0f5b540) thrown at [D:\src\AOSP-openjdk-cygwin\jdk8u\hotspot\src\share\vm\classfile\systemDictionary.cpp, line 210]
Event: 37.860 Thread 0x0000000018fbd000 Exception <a 'java/lang/ClassNotFoundException': org/gradle/api/tasks/DeleteCustomizer> (0x00000000e0f97178) thrown at [D:\src\AOSP-openjdk-cygwin\jdk8u\hotspot\src\share\vm\classfile\systemDictionary.cpp, line 210]
Event: 37.862 Thread 0x0000000018fbd000 Exception <a 'java/lang/ClassNotFoundException': org/gradle/api/tasks/Delete_DecoratedCustomizer> (0x00000000e0fdfe80) thrown at [D:\src\AOSP-openjdk-cygwin\jdk8u\hotspot\src\share\vm\classfile\systemDictionary.cpp, line 210]
Event: 38.106 Thread 0x0000000018fbd000 Exception <a 'java/lang/ClassNotFoundException': build_8aqb4euck86ntyiozkxu2orpuBeanInfo> (0x00000000e00ac0c0) thrown at [D:\src\AOSP-openjdk-cygwin\jdk8u\hotspot\src\share\vm\classfile\systemDictionary.cpp, line 210]
Event: 38.106 Thread 0x0000000018fbd000 Exception <a 'java/lang/ClassNotFoundException': build_8aqb4euck86ntyiozkxu2orpuCustomizer> (0x00000000e00b7ca0) thrown at [D:\src\AOSP-openjdk-cygwin\jdk8u\hotspot\src\share\vm\classfile\systemDictionary.cpp, line 210]
Event: 38.111 Thread 0x0000000018fbd000 Exception <a 'java/lang/ClassNotFoundException': org/gradle/api/internal/plugins/DefaultObjectConfigurationActionBeanInfo> (0x00000000e0128030) thrown at [D:\src\AOSP-openjdk-cygwin\jdk8u\hotspot\src\share\vm\classfile\systemDictionary.cpp, line 210]
Event: 38.111 Thread 0x0000000018fbd000 Exception <a 'java/lang/ClassNotFoundException': org/gradle/api/internal/plugins/DefaultObjectConfigurationActionCustomizer> (0x00000000e01655f0) thrown at [D:\src\AOSP-openjdk-cygwin\jdk8u\hotspot\src\share\vm\classfile\systemDictionary.cpp, line 210]
Event: 43.297 Thread 0x0000000018fbd000 Implicit null exception at 0x0000000003cb2a78 to 0x0000000003cb386d
Event: 44.660 Thread 0x0000000018fbd000 Exception <a 'sun/nio/fs/WindowsException'> (0x00000000e117a460) thrown at [D:\src\AOSP-openjdk-cygwin\jdk8u\hotspot\src\share\vm\prims\jni.cpp, line 710]
Event: 56.414 Thread 0x0000000018fbd000 Implicit null exception at 0x0000000003ce5ea8 to 0x0000000003ce63d9

Events (10 events):
Event: 60.299 loading class sun/security/pkcs/SignerInfo done
Event: 60.299 loading class java/security/CryptoPrimitive
Event: 60.384 loading class java/security/CryptoPrimitive done
Event: 60.385 loading class sun/security/pkcs/PKCS9Attributes
Event: 60.388 loading class sun/security/pkcs/PKCS9Attributes done
Event: 60.388 loading class sun/security/pkcs/PKCS9Attribute
Event: 60.410 loading class sun/security/pkcs/PKCS9Attribute done
Event: 60.417 loading class sun/security/rsa/SunRsaSign
Event: 60.417 loading class sun/security/rsa/SunRsaSign done
Event: 60.417 loading class sun/security/rsa/SunRsaSignEntries


Dynamic libraries:
0x00007ff662ff0000 - 0x00007ff663021000 	C:\Program Files\Android\Android Studio\jre\bin\java.exe
0x00007ffd11100000 - 0x00007ffd112f0000 	C:\Windows\SYSTEM32\ntdll.dll
0x00007ffd11040000 - 0x00007ffd110f2000 	C:\Windows\System32\KERNEL32.DLL
0x00007ffd0eee0000 - 0x00007ffd0f183000 	C:\Windows\System32\KERNELBASE.dll
0x00007ffd0f3d0000 - 0x00007ffd0f473000 	C:\Windows\System32\ADVAPI32.dll
0x00007ffd0fbf0000 - 0x00007ffd0fc8e000 	C:\Windows\System32\msvcrt.dll
0x00007ffd0f480000 - 0x00007ffd0f517000 	C:\Windows\System32\sechost.dll
0x00007ffd0f900000 - 0x00007ffd0fa20000 	C:\Windows\System32\RPCRT4.dll
0x00007ffd0fa50000 - 0x00007ffd0fbe4000 	C:\Windows\System32\USER32.dll
0x00007ffd0e490000 - 0x00007ffd0e4b1000 	C:\Windows\System32\win32u.dll
0x00007ffd10f00000 - 0x00007ffd10f26000 	C:\Windows\System32\GDI32.dll
0x00007ffd0e2c0000 - 0x00007ffd0e454000 	C:\Windows\System32\gdi32full.dll
0x00007ffd0e0d0000 - 0x00007ffd0e16e000 	C:\Windows\System32\msvcp_win.dll
0x00007ffd0e1c0000 - 0x00007ffd0e2ba000 	C:\Windows\System32\ucrtbase.dll
0x00007ffd010a0000 - 0x00007ffd01325000 	C:\Windows\WinSxS\amd64_microsoft.windows.common-controls_6595b64144ccf1df_6.0.18362.535_none_e6c3b34713100821\COMCTL32.dll
0x00007ffd10100000 - 0x00007ffd10436000 	C:\Windows\System32\combase.dll
0x00007ffd0e610000 - 0x00007ffd0e690000 	C:\Windows\System32\bcryptPrimitives.dll
0x00007ffd0fa20000 - 0x00007ffd0fa4e000 	C:\Windows\System32\IMM32.DLL
0x0000000061ce0000 - 0x0000000061db2000 	C:\Program Files\Android\Android Studio\jre\jre\bin\msvcr100.dll
0x0000000061dc0000 - 0x0000000062606000 	C:\Program Files\Android\Android Studio\jre\jre\bin\server\jvm.dll
0x00007ffd10ef0000 - 0x00007ffd10ef8000 	C:\Windows\System32\PSAPI.DLL
0x00007ffd07430000 - 0x00007ffd0743a000 	C:\Windows\SYSTEM32\VERSION.dll
0x00007ffd0bc60000 - 0x00007ffd0bc84000 	C:\Windows\SYSTEM32\WINMM.dll
0x00007ffd0bc30000 - 0x00007ffd0bc5d000 	C:\Windows\SYSTEM32\WINMMBASE.dll
0x00007ffd0e170000 - 0x00007ffd0e1ba000 	C:\Windows\System32\cfgmgr32.dll
0x00007ffd00650000 - 0x00007ffd00659000 	C:\Windows\SYSTEM32\WSOCK32.dll
0x00007ffd0f520000 - 0x00007ffd0f58f000 	C:\Windows\System32\WS2_32.dll
0x00007ffd003c0000 - 0x00007ffd003cf000 	C:\Program Files\Android\Android Studio\jre\jre\bin\verify.dll
0x00007ffcf0a40000 - 0x00007ffcf0a69000 	C:\Program Files\Android\Android Studio\jre\jre\bin\java.dll
0x00007ffcf0a20000 - 0x00007ffcf0a36000 	C:\Program Files\Android\Android Studio\jre\jre\bin\zip.dll
0x00007ffd104c0000 - 0x00007ffd10ba5000 	C:\Windows\System32\SHELL32.dll
0x00007ffd10f90000 - 0x00007ffd11039000 	C:\Windows\System32\shcore.dll
0x00007ffd0e690000 - 0x00007ffd0ee0f000 	C:\Windows\System32\windows.storage.dll
0x00007ffd0e020000 - 0x00007ffd0e03f000 	C:\Windows\System32\profapi.dll
0x00007ffd0e040000 - 0x00007ffd0e08a000 	C:\Windows\System32\powrprof.dll
0x00007ffd0e010000 - 0x00007ffd0e020000 	C:\Windows\System32\UMPDC.dll
0x00007ffd0f8a0000 - 0x00007ffd0f8f2000 	C:\Windows\System32\shlwapi.dll
0x00007ffd0e0b0000 - 0x00007ffd0e0c1000 	C:\Windows\System32\kernel.appcore.dll
0x00007ffd0ee10000 - 0x00007ffd0ee27000 	C:\Windows\System32\cryptsp.dll
0x00007ffd0a590000 - 0x00007ffd0a5aa000 	C:\Program Files\Android\Android Studio\jre\jre\bin\net.dll
0x00007ffd0d820000 - 0x00007ffd0d887000 	C:\Windows\system32\mswsock.dll
0x00007ffd09fc0000 - 0x00007ffd09fd1000 	C:\Program Files\Android\Android Studio\jre\jre\bin\nio.dll
0x00007ffd06d40000 - 0x00007ffd06d66000 	C:\Users\HP_PC\.gradle\native\29\windows-amd64\native-platform.dll
0x00007ffd00350000 - 0x00007ffd0035d000 	C:\Program Files\Android\Android Studio\jre\jre\bin\management.dll
0x00007ffd0d390000 - 0x00007ffd0d3c3000 	C:\Windows\system32\rsaenh.dll
0x00007ffd0e460000 - 0x00007ffd0e486000 	C:\Windows\System32\bcrypt.dll
0x00007ffd0df00000 - 0x00007ffd0df25000 	C:\Windows\SYSTEM32\USERENV.dll
0x00007ffd0d9f0000 - 0x00007ffd0d9fc000 	C:\Windows\SYSTEM32\CRYPTBASE.dll
0x00007ffd0d530000 - 0x00007ffd0d56a000 	C:\Windows\SYSTEM32\IPHLPAPI.DLL
0x00007ffd0f3c0000 - 0x00007ffd0f3c8000 	C:\Windows\System32\NSI.dll
0x00007ffd08930000 - 0x00007ffd08946000 	C:\Windows\SYSTEM32\dhcpcsvc6.DLL
0x00007ffd08f20000 - 0x00007ffd08f3c000 	C:\Windows\SYSTEM32\dhcpcsvc.DLL
0x00007ffd0d570000 - 0x00007ffd0d63a000 	C:\Windows\SYSTEM32\DNSAPI.dll

VM Arguments:
jvm_args: -Xmx1536m -Dfile.encoding=windows-1251 -Duser.country=UA -Duser.language=uk -Duser.variant 
java_command: org.gradle.launcher.daemon.bootstrap.GradleDaemon 5.4.1
java_class_path (initial): C:\Users\HP_PC\.gradle\wrapper\dists\gradle-5.4.1-all\3221gyojl5jsh0helicew7rwx\gradle-5.4.1\lib\gradle-launcher-5.4.1.jar
Launcher Type: SUN_STANDARD

Environment Variables:
PATH=C:\Windows\system32;C:\Windows;C:\Windows\System32\Wbem;C:\Windows\System32\WindowsPowerShell\v1.0\;C:\Program Files (x86)\Common Files\Acronis\SnapAPI\;C:\Program Files\Git\cmd;C:\Users\HP_PC\AppData\Local\Android\Sdk\platform-tools;C:\Users\HP_PC\AppData\Local\Microsoft\WindowsApps;adb;
USERNAME=HP_PC
OS=Windows_NT
PROCESSOR_IDENTIFIER=Intel64 Family 6 Model 58 Stepping 9, GenuineIntel



---------------  S Y S T E M  ---------------

OS: Windows 10.0 , 64 bit Build 18362 (10.0.18362.329)

CPU:total 4 (initial active 4) (2 cores per cpu, 2 threads per core) family 6 model 58 stepping 9, cmov, cx8, fxsr, mmx, sse, sse2, sse3, ssse3, sse4.1, sse4.2, popcnt, avx, aes, clmul, erms, ht, tsc, tscinvbit, tscinv

Memory: 4k page, physical 6191464k(101768k free), swap 6191464k(172k free)

vm_info: OpenJDK 64-Bit Server VM (25.202-b03) for windows-amd64 JRE (1.8.0_202-release-1483-b03), built by "builder" with MS VC++ 10.0 (VS2010)

time: Sun Mar 01 19:35:07 2020
timezone: Фінляндія (зима)
elapsed time: 60 seconds (0d 0h 1m 0s)

