#
# There is insufficient memory for the Java Runtime Environment to continue.
# Native memory allocation (malloc) failed to allocate 1875216 bytes for Chunk::new
# Possible reasons:
#   The system is out of physical RAM or swap space
#   The process is running with CompressedOops enabled, and the Java Heap may be blocking the growth of the native heap
# Possible solutions:
#   Reduce memory load on the system
#   Increase physical memory or swap space
#   Check if swap backing store is full
#   Decrease Java heap size (-Xmx/-Xms)
#   Decrease number of Java threads
#   Decrease Java thread stack sizes (-Xss)
#   Set larger code cache with -XX:ReservedCodeCacheSize=
#   JVM is running with Unscaled Compressed Oops mode in which the Java heap is
#     placed in the first 4GB address space. The Java Heap base address is the
#     maximum limit for the native heap growth. Please use -XX:HeapBaseMinAddress
#     to set the Java Heap base and to place the Java Heap above 4GB virtual address.
# This output file may be truncated or incomplete.
#
#  Out of Memory Error (allocation.cpp:389), pid=6328, tid=0x0000000000001c80
#
# JRE version: OpenJDK Runtime Environment (8.0_202-b03) (build 1.8.0_202-release-1483-b03)
# Java VM: OpenJDK 64-Bit Server VM (25.202-b03 mixed mode windows-amd64 compressed oops)
# Failed to write core dump. Minidumps are not enabled by default on client versions of Windows
#

---------------  T H R E A D  ---------------

Current thread (0x0000000016486800):  JavaThread "C2 CompilerThread0" daemon [_thread_in_native, id=7296, stack(0x0000000017af0000,0x0000000017bf0000)]

Stack: [0x0000000017af0000,0x0000000017bf0000]
[error occurred during error reporting (printing stack bounds), id 0xc0000005]

Native frames: (J=compiled Java code, j=interpreted, Vv=VM code, C=native code)


Current CompileTask:
C2:  10564 4601 %     4       groovy.lang.MetaClassImpl::inheritInterfaceNewMetaMethods @ 104 (199 bytes)


---------------  P R O C E S S  ---------------

Java Threads: ( => current thread )
  0x000000001d7ac800 JavaThread "Cache worker for file content cache (C:\Users\HP_PC\AndroidStudioProjects\PNU_APP\.gradle\5.4.1\fileContent)" [_thread_blocked, id=4292, stack(0x0000000022be0000,0x0000000022ce0000)]
  0x000000001d7ad000 JavaThread "Cache worker for file content cache (C:\Users\HP_PC\.gradle\caches\5.4.1\fileContent)" [_thread_blocked, id=5812, stack(0x0000000022ae0000,0x0000000022be0000)]
  0x000000001d7ab800 JavaThread "Memory manager" [_thread_blocked, id=7884, stack(0x00000000229e0000,0x0000000022ae0000)]
  0x000000001d7a2800 JavaThread "Cache worker for Build Output Cleanup Cache (C:\Users\HP_PC\AndroidStudioProjects\PNU_APP\.gradle\buildOutputCleanup)" [_thread_blocked, id=7484, stack(0x00000000224e0000,0x00000000225e0000)]
  0x000000001d7a9800 JavaThread "pool-1-thread-1" [_thread_blocked, id=2108, stack(0x00000000214b0000,0x00000000215b0000)]
  0x000000001d7a8800 JavaThread "Build operations Thread 4" [_thread_blocked, id=4396, stack(0x0000000021b30000,0x0000000021c30000)]
  0x000000001d7a6800 JavaThread "Build operations Thread 3" [_thread_blocked, id=5180, stack(0x0000000021a30000,0x0000000021b30000)]
  0x000000001d7a5800 JavaThread "Build operations Thread 2" [_thread_blocked, id=2064, stack(0x0000000021930000,0x0000000021a30000)]
  0x000000001d7a5000 JavaThread "Build operations" [_thread_blocked, id=1972, stack(0x00000000215d0000,0x00000000216d0000)]
  0x000000001d7a4000 JavaThread "Cache worker for execution history cache (C:\Users\HP_PC\.gradle\caches\5.4.1\executionHistory)" [_thread_blocked, id=3784, stack(0x00000000211b0000,0x00000000212b0000)]
  0x000000001d7a8000 JavaThread "Cache worker for cache directory md-rule (C:\Users\HP_PC\.gradle\caches\5.4.1\md-rule)" [_thread_blocked, id=2832, stack(0x00000000210b0000,0x00000000211b0000)]
  0x000000001d7a3800 JavaThread "Cache worker for cache directory md-supplier (C:\Users\HP_PC\.gradle\caches\5.4.1\md-supplier)" [_thread_blocked, id=6404, stack(0x0000000020fb0000,0x00000000210b0000)]
  0x000000001819a000 JavaThread "Cache worker for file hash cache (C:\Users\HP_PC\AndroidStudioProjects\PNU_APP\.gradle\5.4.1\fileHashes)" [_thread_blocked, id=2212, stack(0x000000001e4b0000,0x000000001e5b0000)]
  0x0000000018194000 JavaThread "Cache worker for journal cache (C:\Users\HP_PC\.gradle\caches\journal-1)" [_thread_blocked, id=7308, stack(0x000000001b040000,0x000000001b140000)]
  0x0000000018194800 JavaThread "File lock request listener" [_thread_in_native, id=5820, stack(0x000000001af40000,0x000000001b040000)]
  0x00000000185b5800 JavaThread "Cache worker for file hash cache (C:\Users\HP_PC\.gradle\caches\5.4.1\fileHashes)" [_thread_blocked, id=5324, stack(0x000000001ae40000,0x000000001af40000)]
  0x0000000018d35800 JavaThread "Thread-9" [_thread_blocked, id=6384, stack(0x000000001ad40000,0x000000001ae40000)]
  0x0000000019518000 JavaThread "Stdin handler" [_thread_blocked, id=6004, stack(0x000000001ac40000,0x000000001ad40000)]
  0x0000000019558000 JavaThread "Asynchronous log dispatcher for DefaultDaemonConnection: socket connection from /127.0.0.1:51603 to /127.0.0.1:51604" [_thread_blocked, id=7416, stack(0x000000001ab40000,0x000000001ac40000)]
  0x0000000019557800 JavaThread "Daemon worker" [_thread_in_native, id=6888, stack(0x000000001aa40000,0x000000001ab40000)]
  0x0000000019556800 JavaThread "Cancel handler" [_thread_blocked, id=7312, stack(0x000000001a940000,0x000000001aa40000)]
  0x00000000196af800 JavaThread "Handler for socket connection from /127.0.0.1:51603 to /127.0.0.1:51604" [_thread_in_native, id=7832, stack(0x000000001a640000,0x000000001a740000)]
  0x00000000196ae800 JavaThread "Daemon" [_thread_blocked, id=6256, stack(0x000000001a540000,0x000000001a640000)]
  0x000000001933e000 JavaThread "Daemon periodic checks" [_thread_blocked, id=3800, stack(0x000000001a440000,0x000000001a540000)]
  0x0000000019333000 JavaThread "Incoming local TCP Connector on port 51603" [_thread_in_native, id=7160, stack(0x000000001a200000,0x000000001a300000)]
  0x000000001977e800 JavaThread "Daemon health stats" [_thread_blocked, id=4296, stack(0x0000000019bc0000,0x0000000019cc0000)]
  0x00000000164de000 JavaThread "Service Thread" daemon [_thread_blocked, id=7040, stack(0x00000000181f0000,0x00000000182f0000)]
  0x0000000016497800 JavaThread "C1 CompilerThread2" daemon [_thread_blocked, id=5432, stack(0x0000000017cf0000,0x0000000017df0000)]
  0x0000000016489800 JavaThread "C2 CompilerThread1" daemon [_thread_in_native, id=7928, stack(0x0000000017bf0000,0x0000000017cf0000)]
=>0x0000000016486800 JavaThread "C2 CompilerThread0" daemon [_thread_in_native, id=7296, stack(0x0000000017af0000,0x0000000017bf0000)]
  0x0000000016485000 JavaThread "Attach Listener" daemon [_thread_blocked, id=6028, stack(0x00000000179f0000,0x0000000017af0000)]
  0x0000000016483000 JavaThread "Signal Dispatcher" daemon [_thread_blocked, id=6624, stack(0x00000000178f0000,0x00000000179f0000)]
  0x0000000002b0c000 JavaThread "Finalizer" daemon [_thread_blocked, id=6156, stack(0x00000000176f0000,0x00000000177f0000)]
  0x0000000016469000 JavaThread "Reference Handler" daemon [_thread_blocked, id=7276, stack(0x00000000175f0000,0x00000000176f0000)]
  0x00000000029dd800 JavaThread "main" [_thread_blocked, id=1664, stack(0x00000000028a0000,0x00000000029a0000)]

Other Threads:
  0x0000000016446800 VMThread [stack: 0x00000000174f0000,0x00000000175f0000] [id=6996]
  0x0000000017e04000 WatcherThread [stack: 0x00000000182f0000,0x00000000183f0000] [id=3656]

VM state:not at safepoint (normal execution)

VM Mutex/Monitor currently owned by a thread: None

heap address: 0x00000000a0000000, size: 1536 MB, Compressed Oops mode: 32-bit
Narrow klass base: 0x0000000000000000, Narrow klass shift: 3
Compressed class space size: 1073741824 Address: 0x0000000100000000

Heap:
 PSYoungGen      total 163328K, used 144308K [0x00000000e0000000, 0x00000000eae80000, 0x0000000100000000)
  eden space 148992K, 87% used [0x00000000e0000000,0x00000000e7eee3a8,0x00000000e9180000)
  from space 14336K, 99% used [0x00000000e9180000,0x00000000e9f7ecf8,0x00000000e9f80000)
  to   space 12288K, 0% used [0x00000000e9f80000,0x00000000e9f80000,0x00000000eab80000)
 ParOldGen       total 78336K, used 23595K [0x00000000a0000000, 0x00000000a4c80000, 0x00000000e0000000)
  object space 78336K, 30% used [0x00000000a0000000,0x00000000a170ad00,0x00000000a4c80000)
 Metaspace       used 56806K, capacity 58476K, committed 58664K, reserved 1099776K
  class space    used 7745K, capacity 8208K, committed 8232K, reserved 1048576K

Card table byte_map: [0x0000000011ed0000,0x00000000121e0000] byte_map_base: 0x00000000119d0000

Marking Bits: (ParMarkBitMap*) 0x00000000519c9f30
 Begin Bits: [0x00000000127e0000, 0x0000000013fe0000)
 End Bits:   [0x0000000013fe0000, 0x00000000157e0000)

Polling page: 0x0000000000b20000

CodeCache: size=245760Kb used=16746Kb max_used=16746Kb free=229013Kb
 bounds [0x0000000002b10000, 0x0000000003b80000, 0x0000000011b10000]
 total_blobs=5564 nmethods=4780 adapters=695
 compilation: enabled

Compilation events (10 events):
Event: 10.541 Thread 0x0000000016497800 nmethod 5148 0x0000000003b72d90 code [0x0000000003b72f40, 0x0000000003b73248]
Event: 10.541 Thread 0x0000000016497800 5149       2       org.gradle.internal.component.external.model.AbstractLazyModuleComponentResolveMetadata::isChanging (5 bytes)
Event: 10.541 Thread 0x0000000016497800 nmethod 5149 0x0000000003b734d0 code [0x0000000003b73620, 0x0000000003b73770]
Event: 10.552 Thread 0x0000000016497800 5150       2       org.gradle.api.internal.artifacts.ivyservice.ivyresolve.ComponentMetaDataResolveState::<init> (37 bytes)
Event: 10.552 Thread 0x0000000016497800 nmethod 5150 0x0000000003b73810 code [0x0000000003b739a0, 0x0000000003b73d28]
Event: 10.552 Thread 0x0000000016497800 5151       2       org.gradle.internal.resolve.result.DefaultBuildableModuleComponentMetaDataResolveResult::<init> (12 bytes)
Event: 10.553 Thread 0x0000000016497800 nmethod 5151 0x0000000003b73f50 code [0x0000000003b740e0, 0x0000000003b74388]
Event: 10.553 Thread 0x0000000016497800 5152       2       org.gradle.internal.resolve.result.DefaultBuildableModuleComponentMetaDataResolveResult::getMetaData (9 bytes)
Event: 10.553 Thread 0x0000000016497800 nmethod 5152 0x0000000003b74510 code [0x0000000003b74680, 0x0000000003b74808]
Event: 10.563 Thread 0x0000000016497800 5153       2       org.gradle.api.internal.artifacts.ivyservice.resolveengine.graph.builder.DependencyState::isDependencyForced (31 bytes)

GC Heap History (10 events):
Event: 2.954 GC heap before
{Heap before GC invocations=7 (full 1):
 PSYoungGen      total 108032K, used 8208K [0x00000000e0000000, 0x00000000e7500000, 0x0000000100000000)
  eden space 97792K, 0% used [0x00000000e0000000,0x00000000e0000000,0x00000000e5f80000)
  from space 10240K, 80% used [0x00000000e6a00000,0x00000000e72042c0,0x00000000e7400000)
  to   space 10752K, 0% used [0x00000000e5f80000,0x00000000e5f80000,0x00000000e6a00000)
 ParOldGen       total 65536K, used 8641K [0x00000000a0000000, 0x00000000a4000000, 0x00000000e0000000)
  object space 65536K, 13% used [0x00000000a0000000,0x00000000a08707e8,0x00000000a4000000)
 Metaspace       used 20682K, capacity 21158K, committed 21296K, reserved 1067008K
  class space    used 2954K, capacity 3123K, committed 3200K, reserved 1048576K
Event: 3.000 GC heap after
Heap after GC invocations=7 (full 1):
 PSYoungGen      total 108032K, used 0K [0x00000000e0000000, 0x00000000e7500000, 0x0000000100000000)
  eden space 97792K, 0% used [0x00000000e0000000,0x00000000e0000000,0x00000000e5f80000)
  from space 10240K, 0% used [0x00000000e6a00000,0x00000000e6a00000,0x00000000e7400000)
  to   space 10752K, 0% used [0x00000000e5f80000,0x00000000e5f80000,0x00000000e6a00000)
 ParOldGen       total 49664K, used 9728K [0x00000000a0000000, 0x00000000a3080000, 0x00000000e0000000)
  object space 49664K, 19% used [0x00000000a0000000,0x00000000a09802d0,0x00000000a3080000)
 Metaspace       used 20682K, capacity 21158K, committed 21296K, reserved 1067008K
  class space    used 2954K, capacity 3123K, committed 3200K, reserved 1048576K
}
Event: 4.338 GC heap before
{Heap before GC invocations=8 (full 1):
 PSYoungGen      total 108032K, used 97792K [0x00000000e0000000, 0x00000000e7500000, 0x0000000100000000)
  eden space 97792K, 100% used [0x00000000e0000000,0x00000000e5f80000,0x00000000e5f80000)
  from space 10240K, 0% used [0x00000000e6a00000,0x00000000e6a00000,0x00000000e7400000)
  to   space 10752K, 0% used [0x00000000e5f80000,0x00000000e5f80000,0x00000000e6a00000)
 ParOldGen       total 49664K, used 9728K [0x00000000a0000000, 0x00000000a3080000, 0x00000000e0000000)
  object space 49664K, 19% used [0x00000000a0000000,0x00000000a09802d0,0x00000000a3080000)
 Metaspace       used 30146K, capacity 30814K, committed 30976K, reserved 1075200K
  class space    used 4100K, capacity 4304K, committed 4352K, reserved 1048576K
Event: 4.348 GC heap after
Heap after GC invocations=8 (full 1):
 PSYoungGen      total 108544K, used 10349K [0x00000000e0000000, 0x00000000eab80000, 0x0000000100000000)
  eden space 97792K, 0% used [0x00000000e0000000,0x00000000e0000000,0x00000000e5f80000)
  from space 10752K, 96% used [0x00000000e5f80000,0x00000000e699b5a0,0x00000000e6a00000)
  to   space 12288K, 0% used [0x00000000e9f80000,0x00000000e9f80000,0x00000000eab80000)
 ParOldGen       total 49664K, used 9736K [0x00000000a0000000, 0x00000000a3080000, 0x00000000e0000000)
  object space 49664K, 19% used [0x00000000a0000000,0x00000000a09822d0,0x00000000a3080000)
 Metaspace       used 30146K, capacity 30814K, committed 30976K, reserved 1075200K
  class space    used 4100K, capacity 4304K, committed 4352K, reserved 1048576K
}
Event: 5.519 GC heap before
{Heap before GC invocations=9 (full 1):
 PSYoungGen      total 108544K, used 102152K [0x00000000e0000000, 0x00000000eab80000, 0x0000000100000000)
  eden space 97792K, 93% used [0x00000000e0000000,0x00000000e59a6de0,0x00000000e5f80000)
  from space 10752K, 96% used [0x00000000e5f80000,0x00000000e699b5a0,0x00000000e6a00000)
  to   space 12288K, 0% used [0x00000000e9f80000,0x00000000e9f80000,0x00000000eab80000)
 ParOldGen       total 49664K, used 9736K [0x00000000a0000000, 0x00000000a3080000, 0x00000000e0000000)
  object space 49664K, 19% used [0x00000000a0000000,0x00000000a09822d0,0x00000000a3080000)
 Metaspace       used 34628K, capacity 35470K, committed 35496K, reserved 1079296K
  class space    used 4778K, capacity 5025K, committed 5032K, reserved 1048576K
Event: 5.538 GC heap after
Heap after GC invocations=9 (full 1):
 PSYoungGen      total 161280K, used 12277K [0x00000000e0000000, 0x00000000eae80000, 0x0000000100000000)
  eden space 148992K, 0% used [0x00000000e0000000,0x00000000e0000000,0x00000000e9180000)
  from space 12288K, 99% used [0x00000000e9f80000,0x00000000eab7d5f0,0x00000000eab80000)
  to   space 14336K, 0% used [0x00000000e9180000,0x00000000e9180000,0x00000000e9f80000)
 ParOldGen       total 49664K, used 10037K [0x00000000a0000000, 0x00000000a3080000, 0x00000000e0000000)
  object space 49664K, 20% used [0x00000000a0000000,0x00000000a09cd520,0x00000000a3080000)
 Metaspace       used 34628K, capacity 35470K, committed 35496K, reserved 1079296K
  class space    used 4778K, capacity 5025K, committed 5032K, reserved 1048576K
}
Event: 5.538 GC heap before
{Heap before GC invocations=10 (full 2):
 PSYoungGen      total 161280K, used 12277K [0x00000000e0000000, 0x00000000eae80000, 0x0000000100000000)
  eden space 148992K, 0% used [0x00000000e0000000,0x00000000e0000000,0x00000000e9180000)
  from space 12288K, 99% used [0x00000000e9f80000,0x00000000eab7d5f0,0x00000000eab80000)
  to   space 14336K, 0% used [0x00000000e9180000,0x00000000e9180000,0x00000000e9f80000)
 ParOldGen       total 49664K, used 10037K [0x00000000a0000000, 0x00000000a3080000, 0x00000000e0000000)
  object space 49664K, 20% used [0x00000000a0000000,0x00000000a09cd520,0x00000000a3080000)
 Metaspace       used 34628K, capacity 35470K, committed 35496K, reserved 1079296K
  class space    used 4778K, capacity 5025K, committed 5032K, reserved 1048576K
Event: 5.611 GC heap after
Heap after GC invocations=10 (full 2):
 PSYoungGen      total 161280K, used 0K [0x00000000e0000000, 0x00000000eae80000, 0x0000000100000000)
  eden space 148992K, 0% used [0x00000000e0000000,0x00000000e0000000,0x00000000e9180000)
  from space 12288K, 0% used [0x00000000e9f80000,0x00000000e9f80000,0x00000000eab80000)
  to   space 14336K, 0% used [0x00000000e9180000,0x00000000e9180000,0x00000000e9f80000)
 ParOldGen       total 78336K, used 19363K [0x00000000a0000000, 0x00000000a4c80000, 0x00000000e0000000)
  object space 78336K, 24% used [0x00000000a0000000,0x00000000a12e8d28,0x00000000a4c80000)
 Metaspace       used 34619K, capacity 35440K, committed 35496K, reserved 1079296K
  class space    used 4775K, capacity 5020K, committed 5032K, reserved 1048576K
}
Event: 8.178 GC heap before
{Heap before GC invocations=11 (full 2):
 PSYoungGen      total 161280K, used 148992K [0x00000000e0000000, 0x00000000eae80000, 0x0000000100000000)
  eden space 148992K, 100% used [0x00000000e0000000,0x00000000e9180000,0x00000000e9180000)
  from space 12288K, 0% used [0x00000000e9f80000,0x00000000e9f80000,0x00000000eab80000)
  to   space 14336K, 0% used [0x00000000e9180000,0x00000000e9180000,0x00000000e9f80000)
 ParOldGen       total 78336K, used 19363K [0x00000000a0000000, 0x00000000a4c80000, 0x00000000e0000000)
  object space 78336K, 24% used [0x00000000a0000000,0x00000000a12e8d28,0x00000000a4c80000)
 Metaspace       used 48379K, capacity 49788K, committed 50088K, reserved 1091584K
  class space    used 6537K, capacity 6957K, committed 7080K, reserved 1048576K
Event: 8.229 GC heap after
Heap after GC invocations=11 (full 2):
 PSYoungGen      total 163328K, used 14331K [0x00000000e0000000, 0x00000000eae80000, 0x0000000100000000)
  eden space 148992K, 0% used [0x00000000e0000000,0x00000000e0000000,0x00000000e9180000)
  from space 14336K, 99% used [0x00000000e9180000,0x00000000e9f7ecf8,0x00000000e9f80000)
  to   space 12288K, 0% used [0x00000000e9f80000,0x00000000e9f80000,0x00000000eab80000)
 ParOldGen       total 78336K, used 23595K [0x00000000a0000000, 0x00000000a4c80000, 0x00000000e0000000)
  object space 78336K, 30% used [0x00000000a0000000,0x00000000a170ad00,0x00000000a4c80000)
 Metaspace       used 48379K, capacity 49788K, committed 50088K, reserved 1091584K
  class space    used 6537K, capacity 6957K, committed 7080K, reserved 1048576K
}

Deoptimization events (10 events):
Event: 7.632 Thread 0x0000000019557800 Uncommon trap: reason=unstable_if action=reinterpret pc=0x0000000002ddc25c method=java.lang.ClassLoader.checkCerts(Ljava/lang/String;Ljava/security/CodeSource;)V @ 29
Event: 7.643 Thread 0x0000000019557800 Uncommon trap: reason=unstable_if action=reinterpret pc=0x0000000002d49830 method=java.util.WeakHashMap.put(Ljava/lang/Object;Ljava/lang/Object;)Ljava/lang/Object; @ 59
Event: 8.154 Thread 0x0000000019557800 Uncommon trap: reason=unstable_if action=reinterpret pc=0x00000000030af764 method=java.lang.String.lastIndexOf([CII[CIII)I @ 17
Event: 8.367 Thread 0x0000000019557800 Uncommon trap: reason=unstable_if action=reinterpret pc=0x00000000038687b8 method=java.util.concurrent.ConcurrentHashMap.putVal(Ljava/lang/Object;Ljava/lang/Object;Z)Ljava/lang/Object; @ 195
Event: 9.307 Thread 0x0000000019557800 Uncommon trap: reason=unstable_if action=reinterpret pc=0x00000000035aa644 method=java.io.WinNTFileSystem.normalize(Ljava/lang/String;)Ljava/lang/String; @ 74
Event: 10.309 Thread 0x0000000019557800 Uncommon trap: reason=class_check action=maybe_recompile pc=0x00000000030b9344 method=java.io.DataInputStream.readUnsignedShort()I @ 4
Event: 10.309 Thread 0x0000000019557800 Uncommon trap: reason=class_check action=maybe_recompile pc=0x00000000030b9344 method=java.io.DataInputStream.readUnsignedShort()I @ 4
Event: 10.309 Thread 0x0000000019557800 Uncommon trap: reason=class_check action=maybe_recompile pc=0x00000000030b9344 method=java.io.DataInputStream.readUnsignedShort()I @ 4
Event: 10.309 Thread 0x0000000019557800 Uncommon trap: reason=class_check action=maybe_recompile pc=0x00000000030b9344 method=java.io.DataInputStream.readUnsignedShort()I @ 4
Event: 10.438 Thread 0x0000000019557800 Uncommon trap: reason=unstable_if action=reinterpret pc=0x0000000003124da8 method=java.util.regex.Pattern$BmpCharProperty.match(Ljava/util/regex/Matcher;ILjava/lang/CharSequence;)Z @ 34

Classes redefined (0 events):
No events

Internal exceptions (10 events):
Event: 9.354 Thread 0x0000000019557800 Exception <a 'java/lang/ClassNotFoundException': org/gradle/invocation/DefaultGradleBeanInfo> (0x00000000e489e120) thrown at [D:\src\AOSP-openjdk-cygwin\jdk8u\hotspot\src\share\vm\classfile\systemDictionary.cpp, line 210]
Event: 9.354 Thread 0x0000000019557800 Exception <a 'java/lang/ClassNotFoundException': org/gradle/invocation/DefaultGradleCustomizer> (0x00000000e48b2848) thrown at [D:\src\AOSP-openjdk-cygwin\jdk8u\hotspot\src\share\vm\classfile\systemDictionary.cpp, line 210]
Event: 9.357 Thread 0x0000000019557800 Exception <a 'java/lang/ClassNotFoundException': org/gradle/invocation/DefaultGradle_DecoratedCustomizer> (0x00000000e490de90) thrown at [D:\src\AOSP-openjdk-cygwin\jdk8u\hotspot\src\share\vm\classfile\systemDictionary.cpp, line 210]
Event: 9.581 Thread 0x0000000019557800 Exception <a 'java/lang/NoSuchMethodError': java.lang.Object.lambda$static$0(Ljava/util/Set;Ljava/util/Set;)Z> (0x00000000e5320850) thrown at [D:\src\AOSP-openjdk-cygwin\jdk8u\hotspot\src\share\vm\interpreter\linkResolver.cpp, line 620]
Event: 9.581 Thread 0x0000000019557800 Exception <a 'java/lang/NoSuchMethodError': java.lang.Object.lambda$static$1(Ljava/util/Set;Ljava/util/Set;)Z> (0x00000000e53237c0) thrown at [D:\src\AOSP-openjdk-cygwin\jdk8u\hotspot\src\share\vm\interpreter\linkResolver.cpp, line 620]
Event: 9.582 Thread 0x0000000019557800 Exception <a 'java/lang/NoSuchMethodError': java.lang.Object.lambda$static$2(Ljava/util/Set;Ljava/util/Set;)Z> (0x00000000e5326300) thrown at [D:\src\AOSP-openjdk-cygwin\jdk8u\hotspot\src\share\vm\interpreter\linkResolver.cpp, line 620]
Event: 9.582 Thread 0x0000000019557800 Exception <a 'java/lang/NoSuchMethodError': java.lang.Object.lambda$static$3(Ljava/util/Set;Ljava/util/Set;)Z> (0x00000000e5328e40) thrown at [D:\src\AOSP-openjdk-cygwin\jdk8u\hotspot\src\share\vm\interpreter\linkResolver.cpp, line 620]
Event: 9.582 Thread 0x0000000019557800 Exception <a 'java/lang/NoSuchMethodError': java.lang.Object.lambda$static$4(Ljava/util/Set;Ljava/util/Set;)Z> (0x00000000e532b980) thrown at [D:\src\AOSP-openjdk-cygwin\jdk8u\hotspot\src\share\vm\interpreter\linkResolver.cpp, line 620]
Event: 9.886 Thread 0x0000000019557800 Exception <a 'java/lang/ClassNotFoundException': com/sun/org/glassfish/hk2/osgiresourcelocator/ServiceLoader> (0x00000000e5bc0f10) thrown at [D:\src\AOSP-openjdk-cygwin\jdk8u\hotspot\src\share\vm\classfile\systemDictionary.cpp, line 210]
Event: 9.967 Thread 0x0000000019557800 Exception <a 'java/lang/NullPointerException'> (0x00000000e609bbd0) thrown at [D:\src\AOSP-openjdk-cygwin\jdk8u\hotspot\src\share\vm\interpreter\linkResolver.cpp, line 1287]

Events (10 events):
Event: 10.554 loading class org/gradle/api/internal/artifacts/repositories/resolver/AbstractDependenciesMetadataAdapter
Event: 10.554 loading class org/gradle/api/internal/artifacts/repositories/resolver/AbstractDependenciesMetadataAdapter done
Event: 10.558 loading class org/gradle/api/artifacts/DirectDependenciesMetadata
Event: 10.558 loading class org/gradle/api/artifacts/DirectDependenciesMetadata done
Event: 10.558 loading class org/gradle/api/internal/artifacts/repositories/resolver/DirectDependencyMetadataAdapter
Event: 10.558 loading class org/gradle/api/internal/artifacts/repositories/resolver/DirectDependencyMetadataAdapter done
Event: 10.559 loading class org/gradle/api/internal/artifacts/repositories/resolver/AbstractDependencyMetadataAdapter
Event: 10.559 loading class org/gradle/api/internal/artifacts/repositories/resolver/AbstractDependencyMetadataAdapter done
Event: 10.563 loading class org/gradle/api/artifacts/DirectDependencyMetadata
Event: 10.563 loading class org/gradle/api/artifacts/DirectDependencyMetadata done


Dynamic libraries:
0x00007ff6006c0000 - 0x00007ff6006f1000 	C:\Program Files\Android\Android Studio\jre\bin\java.exe
0x00007ff842c40000 - 0x00007ff842e30000 	C:\Windows\SYSTEM32\ntdll.dll
0x00007ff841590000 - 0x00007ff841642000 	C:\Windows\System32\KERNEL32.DLL
0x00007ff8407e0000 - 0x00007ff840a83000 	C:\Windows\System32\KERNELBASE.dll
0x00007ff841f40000 - 0x00007ff841fe3000 	C:\Windows\System32\ADVAPI32.dll
0x00007ff841330000 - 0x00007ff8413ce000 	C:\Windows\System32\msvcrt.dll
0x00007ff841d70000 - 0x00007ff841e07000 	C:\Windows\System32\sechost.dll
0x00007ff841ff0000 - 0x00007ff842110000 	C:\Windows\System32\RPCRT4.dll
0x00007ff8413e0000 - 0x00007ff841574000 	C:\Windows\System32\USER32.dll
0x00007ff83ffd0000 - 0x00007ff83fff1000 	C:\Windows\System32\win32u.dll
0x00007ff841e40000 - 0x00007ff841e66000 	C:\Windows\System32\GDI32.dll
0x00007ff83fc10000 - 0x00007ff83fda4000 	C:\Windows\System32\gdi32full.dll
0x00007ff840be0000 - 0x00007ff840c7e000 	C:\Windows\System32\msvcp_win.dll
0x00007ff83fe80000 - 0x00007ff83ff7a000 	C:\Windows\System32\ucrtbase.dll
0x00007ff832b30000 - 0x00007ff832db5000 	C:\Windows\WinSxS\amd64_microsoft.windows.common-controls_6595b64144ccf1df_6.0.18362.535_none_e6c3b34713100821\COMCTL32.dll
0x00007ff842900000 - 0x00007ff842c36000 	C:\Windows\System32\combase.dll
0x00007ff83fdd0000 - 0x00007ff83fe50000 	C:\Windows\System32\bcryptPrimitives.dll
0x00007ff841e10000 - 0x00007ff841e3e000 	C:\Windows\System32\IMM32.DLL
0x0000000051120000 - 0x00000000511f2000 	C:\Program Files\Android\Android Studio\jre\jre\bin\msvcr100.dll
0x0000000051200000 - 0x0000000051a46000 	C:\Program Files\Android\Android Studio\jre\jre\bin\server\jvm.dll
0x00007ff841650000 - 0x00007ff841658000 	C:\Windows\System32\PSAPI.DLL
0x00007ff837700000 - 0x00007ff837709000 	C:\Windows\SYSTEM32\WSOCK32.dll
0x00007ff83d780000 - 0x00007ff83d7a4000 	C:\Windows\SYSTEM32\WINMM.dll
0x00007ff841ed0000 - 0x00007ff841f3f000 	C:\Windows\System32\WS2_32.dll
0x00007ff832670000 - 0x00007ff83267a000 	C:\Windows\SYSTEM32\VERSION.dll
0x00007ff83d730000 - 0x00007ff83d75d000 	C:\Windows\SYSTEM32\WINMMBASE.dll
0x00007ff83ff80000 - 0x00007ff83ffca000 	C:\Windows\System32\cfgmgr32.dll
0x00007ff8373d0000 - 0x00007ff8373df000 	C:\Program Files\Android\Android Studio\jre\jre\bin\verify.dll
0x00007ff8373a0000 - 0x00007ff8373c9000 	C:\Program Files\Android\Android Studio\jre\jre\bin\java.dll
0x00007ff837380000 - 0x00007ff837396000 	C:\Program Files\Android\Android Studio\jre\jre\bin\zip.dll
0x00007ff841660000 - 0x00007ff841d45000 	C:\Windows\System32\SHELL32.dll
0x00007ff840d30000 - 0x00007ff840dd9000 	C:\Windows\System32\shcore.dll
0x00007ff840000000 - 0x00007ff84077f000 	C:\Windows\System32\windows.storage.dll
0x00007ff83fb60000 - 0x00007ff83fb7f000 	C:\Windows\System32\profapi.dll
0x00007ff83fba0000 - 0x00007ff83fbea000 	C:\Windows\System32\powrprof.dll
0x00007ff83fb50000 - 0x00007ff83fb60000 	C:\Windows\System32\UMPDC.dll
0x00007ff840de0000 - 0x00007ff840e32000 	C:\Windows\System32\shlwapi.dll
0x00007ff83fb80000 - 0x00007ff83fb91000 	C:\Windows\System32\kernel.appcore.dll
0x00007ff83fdb0000 - 0x00007ff83fdc7000 	C:\Windows\System32\cryptsp.dll
0x00007ff837360000 - 0x00007ff83737a000 	C:\Program Files\Android\Android Studio\jre\jre\bin\net.dll
0x00007ff83f360000 - 0x00007ff83f3c7000 	C:\Windows\system32\mswsock.dll
0x00007ff837340000 - 0x00007ff837351000 	C:\Program Files\Android\Android Studio\jre\jre\bin\nio.dll
0x00007ff8219a0000 - 0x00007ff8219c6000 	C:\Users\HP_PC\.gradle\native\29\windows-amd64\native-platform.dll
0x00007ff837330000 - 0x00007ff83733d000 	C:\Program Files\Android\Android Studio\jre\jre\bin\management.dll
0x00007ff83eed0000 - 0x00007ff83ef03000 	C:\Windows\system32\rsaenh.dll
0x00007ff83fe50000 - 0x00007ff83fe76000 	C:\Windows\System32\bcrypt.dll
0x00007ff83fa40000 - 0x00007ff83fa65000 	C:\Windows\SYSTEM32\USERENV.dll
0x00007ff83f530000 - 0x00007ff83f53c000 	C:\Windows\SYSTEM32\CRYPTBASE.dll
0x00007ff83f070000 - 0x00007ff83f0aa000 	C:\Windows\SYSTEM32\IPHLPAPI.DLL
0x00007ff841580000 - 0x00007ff841588000 	C:\Windows\System32\NSI.dll
0x00007ff83a9e0000 - 0x00007ff83a9f6000 	C:\Windows\SYSTEM32\dhcpcsvc6.DLL
0x00007ff83b2c0000 - 0x00007ff83b2dc000 	C:\Windows\SYSTEM32\dhcpcsvc.DLL
0x00007ff83f0b0000 - 0x00007ff83f17a000 	C:\Windows\SYSTEM32\DNSAPI.dll

VM Arguments:
jvm_args: -Xmx1536m -Dfile.encoding=windows-1251 -Duser.country=UA -Duser.language=uk -Duser.variant 
java_command: org.gradle.launcher.daemon.bootstrap.GradleDaemon 5.4.1
java_class_path (initial): C:\Users\HP_PC\.gradle\wrapper\dists\gradle-5.4.1-all\3221gyojl5jsh0helicew7rwx\gradle-5.4.1\lib\gradle-launcher-5.4.1.jar
Launcher Type: SUN_STANDARD

Environment Variables:
PATH=C:\Windows\system32;C:\Windows;C:\Windows\System32\Wbem;C:\Windows\System32\WindowsPowerShell\v1.0\;C:\Program Files (x86)\Common Files\Acronis\SnapAPI\;C:\Program Files\Git\cmd;C:\Users\HP_PC\AppData\Local\Microsoft\WindowsApps;
USERNAME=HP_PC
OS=Windows_NT
PROCESSOR_IDENTIFIER=Intel64 Family 6 Model 58 Stepping 9, GenuineIntel



---------------  S Y S T E M  ---------------

OS: Windows 10.0 , 64 bit Build 18362 (10.0.18362.329)

CPU:total 4 (initial active 4) (2 cores per cpu, 2 threads per core) family 6 model 58 stepping 9, cmov, cx8, fxsr, mmx, sse, sse2, sse3, ssse3, sse4.1, sse4.2, popcnt, avx, aes, clmul, erms, ht, tsc, tscinvbit, tscinv

Memory: 4k page, physical 6191464k(273520k free), swap 6191464k(6056k free)

vm_info: OpenJDK 64-Bit Server VM (25.202-b03) for windows-amd64 JRE (1.8.0_202-release-1483-b03), built by "builder" with MS VC++ 10.0 (VS2010)

time: Tue Feb 18 00:22:44 2020
timezone: Фінляндія (зима)
elapsed time: 10 seconds (0d 0h 0m 10s)

